'2019-12-18 14:37:26,976-INFO-3148-build_bid-19-session级别前置build_bid开始...'
'2019-12-18 14:37:32,311-INFO-3148-input_text-73-后台输入用户名输入文字lemon7开始...'
'2019-12-18 14:37:32,517-INFO-3148-wait_until_visible-38-等待后台输入用户名元素可见，耗时0.0...'
'2019-12-18 14:37:32,517-INFO-3148-get_ele-56-获取元素后台输入用户名开始...'
'2019-12-18 14:37:32,614-INFO-3148-get_ele-69-获取后台输入用户名元素，耗时0.08500504493713379...'
'2019-12-18 14:37:32,751-INFO-3148-input_text-88-获取后台输入用户名元素，耗时0.44002509117126465...'
'2019-12-18 14:37:32,751-INFO-3148-input_text-73-后台输入密码输入文字lemonbest开始...'
'2019-12-18 14:37:32,754-INFO-3148-wait_until_visible-38-等待后台输入密码元素可见，耗时0.0...'
'2019-12-18 14:37:32,754-INFO-3148-get_ele-56-获取元素后台输入密码开始...'
'2019-12-18 14:37:32,775-INFO-3148-get_ele-69-获取后台输入密码元素，耗时0.020000934600830078...'
'2019-12-18 14:37:32,857-INFO-3148-input_text-88-获取后台输入密码元素，耗时0.10600590705871582...'
'2019-12-18 14:37:32,857-INFO-3148-input_text-73-后台输入万能验证码输入文字hapi开始...'
'2019-12-18 14:37:32,860-INFO-3148-wait_until_visible-38-等待后台输入万能验证码元素可见，耗时0.0...'
'2019-12-18 14:37:32,860-INFO-3148-get_ele-56-获取元素后台输入万能验证码开始...'
'2019-12-18 14:37:32,879-INFO-3148-get_ele-69-获取后台输入万能验证码元素，耗时0.019001245498657227...'
'2019-12-18 14:37:32,955-INFO-3148-input_text-88-获取后台输入万能验证码元素，耗时0.09800577163696289...'
'2019-12-18 14:37:32,956-INFO-3148-ele_click-91-点击元素点击后台登录按钮开始...'
'2019-12-18 14:37:32,959-INFO-3148-wait_until_visible-38-等待点击后台登录按钮元素可见，耗时0.0...'
'2019-12-18 14:37:32,959-INFO-3148-get_ele-56-获取元素点击后台登录按钮开始...'
'2019-12-18 14:37:32,978-INFO-3148-get_ele-69-获取点击后台登录按钮元素，耗时0.019001245498657227...'
'2019-12-18 14:37:33,044-INFO-3148-ele_click-106-点击点击后台登录按钮元素，耗时0.08800506591796875...'
'2019-12-18 14:37:33,045-INFO-3148-ele_click-91-点击元素点击贷款管理开始...'
'2019-12-18 14:37:33,048-INFO-3148-wait_until_visible-38-等待点击贷款管理元素可见，耗时0.0...'
'2019-12-18 14:37:33,048-INFO-3148-get_ele-56-获取元素点击贷款管理开始...'
'2019-12-18 14:37:34,066-INFO-3148-get_ele-69-获取点击贷款管理元素，耗时1.0170581340789795...'
'2019-12-18 14:37:34,165-INFO-3148-ele_click-106-点击点击贷款管理元素，耗时1.1190638542175293...'
'2019-12-18 14:37:34,165-INFO-3148-switch_to_iframe-176-切换iframe切换iframe开始...'
'2019-12-18 14:37:34,169-INFO-3148-wait_until_exist-53-等待切换iframe元素存在，耗时0.0...'
'2019-12-18 14:37:34,169-INFO-3148-get_ele-56-获取元素切换iframe开始...'
'2019-12-18 14:37:34,187-INFO-3148-get_ele-69-获取切换iframe元素，耗时0.018001079559326172...'
'2019-12-18 14:37:34,229-INFO-3148-switch_to_iframe-190-切换iframe切换iframe结束，耗时0.06400370597839355...'
'2019-12-18 14:37:36,230-INFO-3148-ele_click-91-点击元素点击加标按钮开始...'
'2019-12-18 14:37:36,233-INFO-3148-wait_until_visible-38-等待点击加标按钮元素可见，耗时0.0...'
'2019-12-18 14:37:36,233-INFO-3148-get_ele-56-获取元素点击加标按钮开始...'
'2019-12-18 14:37:36,256-INFO-3148-get_ele-69-获取点击加标按钮元素，耗时0.022001266479492188...'
'2019-12-18 14:37:36,460-INFO-3148-ele_click-106-点击点击加标按钮元素，耗时0.23001313209533691...'
'2019-12-18 14:37:36,460-INFO-3148-input_text-73-输入借款人手机号输入文字13323234545开始...'
'2019-12-18 14:37:36,463-INFO-3148-wait_until_visible-38-等待输入借款人手机号元素可见，耗时0.0...'
'2019-12-18 14:37:36,463-INFO-3148-get_ele-56-获取元素输入借款人手机号开始...'
'2019-12-18 14:37:37,163-INFO-3148-get_ele-69-获取输入借款人手机号元素，耗时0.6990396976470947...'
'2019-12-18 14:37:37,338-INFO-3148-input_text-88-获取输入借款人手机号元素，耗时0.8780503273010254...'
'2019-12-18 14:37:37,838-INFO-3148-ele_click-91-点击元素选择借款人开始...'
'2019-12-18 14:37:37,841-INFO-3148-wait_until_visible-38-等待选择借款人元素可见，耗时0.0...'
'2019-12-18 14:37:37,841-INFO-3148-get_ele-56-获取元素选择借款人开始...'
'2019-12-18 14:37:37,860-INFO-3148-get_ele-69-获取选择借款人元素，耗时0.019001007080078125...'
'2019-12-18 14:37:37,985-INFO-3148-ele_click-106-点击选择借款人元素，耗时0.14700841903686523...'
'2019-12-18 14:37:37,985-INFO-3148-input_text-73-输入标的名称输入文字雕中叶61开始...'
'2019-12-18 14:37:37,988-INFO-3148-wait_until_visible-38-等待输入标的名称元素可见，耗时0.0...'
'2019-12-18 14:37:37,988-INFO-3148-get_ele-56-获取元素输入标的名称开始...'
'2019-12-18 14:37:38,008-INFO-3148-get_ele-69-获取输入标的名称元素，耗时0.02000117301940918...'
'2019-12-18 14:37:39,201-INFO-3148-input_text-88-获取输入标的名称元素，耗时1.2160694599151611...'
'2019-12-18 14:37:39,202-INFO-3148-input_text-73-输入利率/月输入文字10开始...'
'2019-12-18 14:37:39,205-INFO-3148-wait_until_visible-38-等待输入利率/月元素可见，耗时0.0...'
'2019-12-18 14:37:39,205-INFO-3148-get_ele-56-获取元素输入利率/月开始...'
'2019-12-18 14:37:39,224-INFO-3148-get_ele-69-获取输入利率/月元素，耗时0.019001245498657227...'
'2019-12-18 14:37:39,308-INFO-3148-input_text-88-获取输入利率/月元素，耗时0.10600614547729492...'
'2019-12-18 14:37:39,309-INFO-3148-input_text-73-输入期限输入文字1开始...'
'2019-12-18 14:37:39,312-INFO-3148-wait_until_visible-38-等待输入期限元素可见，耗时0.0...'
'2019-12-18 14:37:39,312-INFO-3148-get_ele-56-获取元素输入期限开始...'
'2019-12-18 14:37:39,330-INFO-3148-get_ele-69-获取输入期限元素，耗时0.01800084114074707...'
'2019-12-18 14:37:39,410-INFO-3148-input_text-88-获取输入期限元素，耗时0.10100555419921875...'
'2019-12-18 14:37:39,410-INFO-3148-input_text-73-输入贷款金额输入文字100000开始...'
'2019-12-18 14:37:39,413-INFO-3148-wait_until_visible-38-等待输入贷款金额元素可见，耗时0.0...'
'2019-12-18 14:37:39,414-INFO-3148-get_ele-56-获取元素输入贷款金额开始...'
'2019-12-18 14:37:39,434-INFO-3148-get_ele-69-获取输入贷款金额元素，耗时0.020000934600830078...'
'2019-12-18 14:37:39,546-INFO-3148-input_text-88-获取输入贷款金额元素，耗时0.13600778579711914...'
'2019-12-18 14:37:39,547-INFO-3148-input_text-73-输入竞标时长/天输入文字30开始...'
'2019-12-18 14:37:39,550-INFO-3148-wait_until_visible-38-等待输入竞标时长/天元素可见，耗时0.0...'
'2019-12-18 14:37:39,550-INFO-3148-get_ele-56-获取元素输入竞标时长/天开始...'
'2019-12-18 14:37:39,567-INFO-3148-get_ele-69-获取输入竞标时长/天元素，耗时0.017000913619995117...'
'2019-12-18 14:37:39,649-INFO-3148-input_text-88-获取输入竞标时长/天元素，耗时0.1020059585571289...'
'2019-12-18 14:37:39,649-INFO-3148-ele_click-91-点击元素点击风险测评按钮开始...'
'2019-12-18 14:37:39,652-INFO-3148-wait_until_visible-38-等待点击风险测评按钮元素可见，耗时0.0...'
'2019-12-18 14:37:39,652-INFO-3148-get_ele-56-获取元素点击风险测评按钮开始...'
'2019-12-18 14:37:39,674-INFO-3148-get_ele-69-获取点击风险测评按钮元素，耗时0.022001028060913086...'
'2019-12-18 14:37:39,797-INFO-3148-ele_click-106-点击点击风险测评按钮元素，耗时0.1480083465576172...'
'2019-12-18 14:37:39,797-INFO-3148-input_text-73-输入评估价值为1输入文字1开始...'
'2019-12-18 14:37:39,800-INFO-3148-wait_until_visible-38-等待输入评估价值为1元素可见，耗时0.0...'
'2019-12-18 14:37:39,800-INFO-3148-get_ele-56-获取元素输入评估价值为1开始...'
'2019-12-18 14:37:39,822-INFO-3148-get_ele-69-获取输入评估价值为1元素，耗时0.022001266479492188...'
'2019-12-18 14:37:39,895-INFO-3148-input_text-88-获取输入评估价值为1元素，耗时0.09800577163696289...'
'2019-12-18 14:37:39,896-INFO-3148-ele_click-91-点击元素项目录入页签点击开始...'
'2019-12-18 14:37:39,899-INFO-3148-wait_until_visible-38-等待项目录入页签点击元素可见，耗时0.0...'
'2019-12-18 14:37:39,899-INFO-3148-get_ele-56-获取元素项目录入页签点击开始...'
'2019-12-18 14:37:39,916-INFO-3148-get_ele-69-获取项目录入页签点击元素，耗时0.017000913619995117...'
'2019-12-18 14:37:40,029-INFO-3148-ele_click-106-点击项目录入页签点击元素，耗时0.13300728797912598...'
'2019-12-18 14:37:40,029-INFO-3148-input_text-73-输入籍贯输入文字中国开始...'
'2019-12-18 14:37:40,033-INFO-3148-wait_until_visible-38-等待输入籍贯元素可见，耗时0.0...'
'2019-12-18 14:37:40,033-INFO-3148-get_ele-56-获取元素输入籍贯开始...'
'2019-12-18 14:37:40,052-INFO-3148-get_ele-69-获取输入籍贯元素，耗时0.019001007080078125...'
'2019-12-18 14:37:40,135-INFO-3148-input_text-88-获取输入籍贯元素，耗时0.10500597953796387...'
'2019-12-18 14:37:40,135-INFO-3148-input_text-73-输入职业输入文字老赖开始...'
'2019-12-18 14:37:40,138-INFO-3148-wait_until_visible-38-等待输入职业元素可见，耗时0.0...'
'2019-12-18 14:37:40,139-INFO-3148-get_ele-56-获取元素输入职业开始...'
'2019-12-18 14:37:40,158-INFO-3148-get_ele-69-获取输入职业元素，耗时0.019001245498657227...'
'2019-12-18 14:37:40,241-INFO-3148-input_text-88-获取输入职业元素，耗时0.10500597953796387...'
'2019-12-18 14:37:40,241-INFO-3148-input_text-73-输入年龄输入文字18开始...'
'2019-12-18 14:37:40,245-INFO-3148-wait_until_visible-38-等待输入年龄元素可见，耗时0.0...'
'2019-12-18 14:37:40,245-INFO-3148-get_ele-56-获取元素输入年龄开始...'
'2019-12-18 14:37:40,262-INFO-3148-get_ele-69-获取输入年龄元素，耗时0.01700115203857422...'
'2019-12-18 14:37:40,350-INFO-3148-input_text-88-获取输入年龄元素，耗时0.10900616645812988...'
'2019-12-18 14:37:40,350-INFO-3148-ele_click-91-点击元素提交新建标的开始...'
'2019-12-18 14:37:40,353-INFO-3148-wait_until_visible-38-等待提交新建标的元素可见，耗时0.0...'
'2019-12-18 14:37:40,353-INFO-3148-get_ele-56-获取元素提交新建标的开始...'
'2019-12-18 14:37:40,373-INFO-3148-get_ele-69-获取提交新建标的元素，耗时0.019001245498657227...'
'2019-12-18 14:37:40,483-INFO-3148-ele_click-106-点击提交新建标的元素，耗时0.13300752639770508...'
'2019-12-18 14:37:42,483-INFO-3148-ele_click-91-点击元素点击最新一条标的开始...'
'2019-12-18 14:37:42,486-INFO-3148-wait_until_visible-38-等待点击最新一条标的元素可见，耗时0.0...'
'2019-12-18 14:37:42,486-INFO-3148-get_ele-56-获取元素点击最新一条标的开始...'
'2019-12-18 14:37:42,508-INFO-3148-get_ele-69-获取点击最新一条标的元素，耗时0.022001028060913086...'
'2019-12-18 14:37:42,636-INFO-3148-ele_click-106-点击点击最新一条标的元素，耗时0.15300893783569336...'
'2019-12-18 14:37:42,636-INFO-3148-ele_click-91-点击元素点击审核开始...'
'2019-12-18 14:37:42,639-INFO-3148-wait_until_visible-38-等待点击审核元素可见，耗时0.0...'
'2019-12-18 14:37:42,640-INFO-3148-get_ele-56-获取元素点击审核开始...'
'2019-12-18 14:37:42,660-INFO-3148-get_ele-69-获取点击审核元素，耗时0.02000141143798828...'
'2019-12-18 14:37:42,789-INFO-3148-ele_click-106-点击点击审核元素，耗时0.15300869941711426...'
'2019-12-18 14:37:42,789-INFO-3148-ele_click-91-点击元素审核通过开始...'
'2019-12-18 14:37:42,792-INFO-3148-wait_until_visible-38-等待审核通过元素可见，耗时0.0...'
'2019-12-18 14:37:42,792-INFO-3148-get_ele-56-获取元素审核通过开始...'
'2019-12-18 14:37:43,332-INFO-3148-get_ele-69-获取审核通过元素，耗时0.5390307903289795...'
'2019-12-18 14:37:43,477-INFO-3148-ele_click-106-点击审核通过元素，耗时0.6880393028259277...'
'2019-12-18 14:37:45,477-INFO-3148-ele_click-91-点击元素点击最新一条标的开始...'
'2019-12-18 14:37:45,480-INFO-3148-wait_until_visible-38-等待点击最新一条标的元素可见，耗时0.0...'
'2019-12-18 14:37:45,480-INFO-3148-get_ele-56-获取元素点击最新一条标的开始...'
'2019-12-18 14:37:45,497-INFO-3148-get_ele-69-获取点击最新一条标的元素，耗时0.017000913619995117...'
'2019-12-18 14:37:45,636-INFO-3148-ele_click-106-点击点击最新一条标的元素，耗时0.15900921821594238...'
'2019-12-18 14:37:45,637-INFO-3148-ele_click-91-点击元素点击审核开始...'
'2019-12-18 14:37:45,640-INFO-3148-wait_until_visible-38-等待点击审核元素可见，耗时0.0...'
'2019-12-18 14:37:45,640-INFO-3148-get_ele-56-获取元素点击审核开始...'
'2019-12-18 14:37:45,659-INFO-3148-get_ele-69-获取点击审核元素，耗时0.019001007080078125...'
'2019-12-18 14:37:45,821-INFO-3148-ele_click-106-点击点击审核元素，耗时0.18401050567626953...'
'2019-12-18 14:37:45,821-INFO-3148-ele_click-91-点击元素审核通过开始...'
'2019-12-18 14:37:45,824-INFO-3148-wait_until_visible-38-等待审核通过元素可见，耗时0.0...'
'2019-12-18 14:37:45,824-INFO-3148-get_ele-56-获取元素审核通过开始...'
'2019-12-18 14:37:46,392-INFO-3148-get_ele-69-获取审核通过元素，耗时0.5670325756072998...'
'2019-12-18 14:37:46,544-INFO-3148-ele_click-106-点击审核通过元素，耗时0.723041296005249...'
'2019-12-18 14:37:48,544-INFO-3148-ele_click-91-点击元素点击最新一条标的开始...'
'2019-12-18 14:37:48,547-INFO-3148-wait_until_visible-38-等待点击最新一条标的元素可见，耗时0.0...'
'2019-12-18 14:37:48,547-INFO-3148-get_ele-56-获取元素点击最新一条标的开始...'
'2019-12-18 14:37:48,564-INFO-3148-get_ele-69-获取点击最新一条标的元素，耗时0.017000913619995117...'
'2019-12-18 14:37:48,703-INFO-3148-ele_click-106-点击点击最新一条标的元素，耗时0.15900897979736328...'
'2019-12-18 14:37:48,703-INFO-3148-ele_click-91-点击元素点击审核开始...'
'2019-12-18 14:37:48,706-INFO-3148-wait_until_visible-38-等待点击审核元素可见，耗时0.0...'
'2019-12-18 14:37:48,706-INFO-3148-get_ele-56-获取元素点击审核开始...'
'2019-12-18 14:37:48,726-INFO-3148-get_ele-69-获取点击审核元素，耗时0.02000117301940918...'
'2019-12-18 14:37:48,890-INFO-3148-ele_click-106-点击点击审核元素，耗时0.1870105266571045...'
'2019-12-18 14:37:48,890-INFO-3148-ele_click-91-点击元素审核通过开始...'
'2019-12-18 14:37:48,894-INFO-3148-wait_until_visible-38-等待审核通过元素可见，耗时0.0...'
'2019-12-18 14:37:48,894-INFO-3148-get_ele-56-获取元素审核通过开始...'
'2019-12-18 14:37:49,461-INFO-3148-get_ele-69-获取审核通过元素，耗时0.5670323371887207...'
'2019-12-18 14:37:49,590-INFO-3148-ele_click-106-点击审核通过元素，耗时0.7000401020050049...'
'2019-12-18 14:37:52,502-INFO-3148-init_driver-16-前置initdriver开始...'
'2019-12-18 14:37:56,467-INFO-3148-init_driver-21-前置initdriver结束...'
'2019-12-18 14:37:56,468-INFO-3148-init_login-31-前置init_login开始...'
'2019-12-18 14:37:57,792-INFO-3148-input_text-73-登录页面输入用户名输入文字18684720553开始...'
'2019-12-18 14:37:57,796-INFO-3148-wait_until_visible-38-等待登录页面输入用户名元素可见，耗时0.0...'
'2019-12-18 14:37:57,796-INFO-3148-get_ele-56-获取元素登录页面输入用户名开始...'
'2019-12-18 14:37:57,823-INFO-3148-get_ele-69-获取登录页面输入用户名元素，耗时0.027001619338989258...'
'2019-12-18 14:37:57,997-INFO-3148-input_text-88-获取登录页面输入用户名元素，耗时0.20501184463500977...'
'2019-12-18 14:37:57,997-INFO-3148-input_text-73-登录页面输入密码输入文字python开始...'
'2019-12-18 14:37:58,000-INFO-3148-wait_until_visible-38-等待登录页面输入密码元素可见，耗时0.0...'
'2019-12-18 14:37:58,000-INFO-3148-get_ele-56-获取元素登录页面输入密码开始...'
'2019-12-18 14:37:58,019-INFO-3148-get_ele-69-获取登录页面输入密码元素，耗时0.018001079559326172...'
'2019-12-18 14:37:58,099-INFO-3148-input_text-88-获取登录页面输入密码元素，耗时0.1020057201385498...'
'2019-12-18 14:37:58,099-INFO-3148-ele_click-91-点击元素点击登录按钮开始...'
'2019-12-18 14:37:58,102-INFO-3148-wait_until_visible-38-等待点击登录按钮元素可见，耗时0.0...'
'2019-12-18 14:37:58,102-INFO-3148-get_ele-56-获取元素点击登录按钮开始...'
'2019-12-18 14:37:58,123-INFO-3148-get_ele-69-获取点击登录按钮元素，耗时0.021001100540161133...'
'2019-12-18 14:37:58,204-INFO-3148-ele_click-106-点击点击登录按钮元素，耗时0.10500574111938477...'
'2019-12-18 14:37:58,204-INFO-3148-init_login-33-后置init_login结束...'
'2019-12-18 14:38:00,229-INFO-3148-get_text-110-获取获取首页的标的余额元素txt开始...'
'2019-12-18 14:38:00,232-INFO-3148-wait_until_visible-38-等待获取首页的标的余额元素可见，耗时0.0...'
'2019-12-18 14:38:00,232-INFO-3148-get_ele-56-获取元素获取首页的标的余额开始...'
'2019-12-18 14:38:20,487-INFO-3148-get_ele-69-获取获取首页的标的余额元素，耗时20.25415873527527...'
'2019-12-18 14:38:20,526-INFO-3148-get_text-125-获取获取首页的标的余额元素text，耗时20.297160863876343...'
'2019-12-18 14:38:20,527-INFO-3148-ele_click-91-点击元素首页点击抢投标按钮开始...'
'2019-12-18 14:38:20,529-INFO-3148-wait_until_visible-38-等待首页点击抢投标按钮元素可见，耗时0.0...'
'2019-12-18 14:38:20,530-INFO-3148-get_ele-56-获取元素首页点击抢投标按钮开始...'
'2019-12-18 14:38:20,547-INFO-3148-get_ele-69-获取首页点击抢投标按钮元素，耗时0.017000913619995117...'
'2019-12-18 14:38:43,715-INFO-3148-ele_click-106-点击首页点击抢投标按钮元素，耗时23.188326597213745...'
'2019-12-18 14:38:43,716-INFO-3148-get_attr-130-获取投资页面获取用户余额元素data-amount参数开始...'
'2019-12-18 14:38:43,718-INFO-3148-wait_until_exist-53-等待投资页面获取用户余额元素存在，耗时0.0...'
'2019-12-18 14:38:43,718-INFO-3148-get_ele-56-获取元素投资页面获取用户余额开始...'
'2019-12-18 14:38:43,741-INFO-3148-get_ele-69-获取投资页面获取用户余额元素，耗时0.022001028060913086...'
'2019-12-18 14:38:43,753-INFO-3148-get_attr-144-获取投资页面获取用户余额元素值为152382594.59耗时0.037001848220825195...'
'2019-12-18 14:38:43,753-INFO-3148-input_text-73-输入投资金额框输入文字500开始...'
'2019-12-18 14:38:43,755-INFO-3148-wait_until_visible-38-等待输入投资金额框元素可见，耗时0.0...'
'2019-12-18 14:38:43,756-INFO-3148-get_ele-56-获取元素输入投资金额框开始...'
'2019-12-18 14:38:43,768-INFO-3148-get_ele-69-获取输入投资金额框元素，耗时0.012000560760498047...'
'2019-12-18 14:38:43,848-INFO-3148-input_text-88-获取输入投资金额框元素，耗时0.09400558471679688...'
'2019-12-18 14:38:43,848-INFO-3148-ele_click-91-点击元素点击投标按钮开始...'
'2019-12-18 14:38:43,851-INFO-3148-wait_until_visible-38-等待点击投标按钮元素可见，耗时0.0...'
'2019-12-18 14:38:43,851-INFO-3148-get_ele-56-获取元素点击投标按钮开始...'
'2019-12-18 14:38:43,876-INFO-3148-get_ele-69-获取点击投标按钮元素，耗时0.02500152587890625...'
'2019-12-18 14:38:43,961-ERROR-3148-ele_click-100-Traceback (most recent call last):
  File "D:\eclipse\selenium_learn\futurn_loan\common\basepage.py", line 97, in ele_click
    ele.click()
  File "D:\python\lib\site-packages\selenium\webdriver\remote\webelement.py", line 80, in click
    self._execute(Command.CLICK_ELEMENT)
  File "D:\python\lib\site-packages\selenium\webdriver\remote\webelement.py", line 633, in _execute
    return self._parent.execute(command, params)
  File "D:\python\lib\site-packages\selenium\webdriver\remote\webdriver.py", line 321, in execute
    self.error_handler.check_response(response)
  File "D:\python\lib\site-packages\selenium\webdriver\remote\errorhandler.py", line 242, in check_response
    raise exception_class(message, screen, stacktrace)
selenium.common.exceptions.ElementClickInterceptedException: Message: element click intercepted: Element <button disabled="" class="btn btn-special height_style">...</button> is not clickable at point (1415, 744). Other element would receive the click: <div class="pd-right">...</div>
  (Session info: chrome=79.0.3945.79)

'
'2019-12-18 14:38:43,961-INFO-3148-screenshot_save-218-保存截图点击投标按钮2019-12-18_14H-38M-43S.png...'
'2019-12-18 14:38:44,491-INFO-3148-init_driver-24-后置initdriver开始...'
'2019-12-18 14:38:44,491-INFO-3148-init_driver-27-后置initdriver结束...'
'2019-12-18 14:38:44,492-INFO-3148-build_bid-28-session级别前置build_bid结束...'
'2019-12-18 14:38:44,511-INFO-3148-build_bid-19-session级别前置build_bid开始...'
'2019-12-18 14:38:48,024-INFO-3148-input_text-73-后台输入用户名输入文字lemon7开始...'
'2019-12-18 14:38:48,027-INFO-3148-wait_until_visible-38-等待后台输入用户名元素可见，耗时0.0...'
'2019-12-18 14:38:48,028-INFO-3148-get_ele-56-获取元素后台输入用户名开始...'
'2019-12-18 14:38:48,048-INFO-3148-get_ele-69-获取后台输入用户名元素，耗时0.02000117301940918...'
'2019-12-18 14:38:48,156-INFO-3148-input_text-88-获取后台输入用户名元素，耗时0.13200736045837402...'
'2019-12-18 14:38:48,156-INFO-3148-input_text-73-后台输入密码输入文字lemonbest开始...'
'2019-12-18 14:38:48,159-INFO-3148-wait_until_visible-38-等待后台输入密码元素可见，耗时0.0...'
'2019-12-18 14:38:48,159-INFO-3148-get_ele-56-获取元素后台输入密码开始...'
'2019-12-18 14:38:48,183-INFO-3148-get_ele-69-获取后台输入密码元素，耗时0.024001121520996094...'
'2019-12-18 14:38:48,282-INFO-3148-input_text-88-获取后台输入密码元素，耗时0.1260073184967041...'
'2019-12-18 14:38:48,282-INFO-3148-input_text-73-后台输入万能验证码输入文字hapi开始...'
'2019-12-18 14:38:48,285-INFO-3148-wait_until_visible-38-等待后台输入万能验证码元素可见，耗时0.0...'
'2019-12-18 14:38:48,286-INFO-3148-get_ele-56-获取元素后台输入万能验证码开始...'
'2019-12-18 14:38:48,304-INFO-3148-get_ele-69-获取后台输入万能验证码元素，耗时0.01800084114074707...'
'2019-12-18 14:38:48,369-INFO-3148-input_text-88-获取后台输入万能验证码元素，耗时0.0870048999786377...'
'2019-12-18 14:38:48,369-INFO-3148-ele_click-91-点击元素点击后台登录按钮开始...'
'2019-12-18 14:38:48,373-INFO-3148-wait_until_visible-38-等待点击后台登录按钮元素可见，耗时0.0...'
'2019-12-18 14:38:48,373-INFO-3148-get_ele-56-获取元素点击后台登录按钮开始...'
'2019-12-18 14:38:48,390-INFO-3148-get_ele-69-获取点击后台登录按钮元素，耗时0.017000913619995117...'
'2019-12-18 14:38:48,447-INFO-3148-ele_click-106-点击点击后台登录按钮元素，耗时0.07700419425964355...'
'2019-12-18 14:38:48,447-INFO-3148-ele_click-91-点击元素点击贷款管理开始...'
'2019-12-18 14:38:48,450-INFO-3148-wait_until_visible-38-等待点击贷款管理元素可见，耗时0.0...'
'2019-12-18 14:38:48,451-INFO-3148-get_ele-56-获取元素点击贷款管理开始...'
'2019-12-18 14:38:49,453-INFO-3148-get_ele-69-获取点击贷款管理元素，耗时1.0020573139190674...'
'2019-12-18 14:38:49,562-INFO-3148-ele_click-106-点击点击贷款管理元素，耗时1.1140637397766113...'
'2019-12-18 14:38:49,562-INFO-3148-switch_to_iframe-176-切换iframe切换iframe开始...'
'2019-12-18 14:38:49,565-INFO-3148-wait_until_exist-53-等待切换iframe元素存在，耗时0.0...'
'2019-12-18 14:38:49,565-INFO-3148-get_ele-56-获取元素切换iframe开始...'
'2019-12-18 14:38:49,583-INFO-3148-get_ele-69-获取切换iframe元素，耗时0.017000913619995117...'
'2019-12-18 14:38:49,613-INFO-3148-switch_to_iframe-190-切换iframe切换iframe结束，耗时0.05100274085998535...'
'2019-12-18 14:38:51,614-INFO-3148-ele_click-91-点击元素点击加标按钮开始...'
'2019-12-18 14:38:51,617-INFO-3148-wait_until_visible-38-等待点击加标按钮元素可见，耗时0.0...'
'2019-12-18 14:38:51,617-INFO-3148-get_ele-56-获取元素点击加标按钮开始...'
'2019-12-18 14:38:51,639-INFO-3148-get_ele-69-获取点击加标按钮元素，耗时0.022001266479492188...'
'2019-12-18 14:38:51,787-INFO-3148-ele_click-106-点击点击加标按钮元素，耗时0.17300987243652344...'
'2019-12-18 14:38:51,787-INFO-3148-input_text-73-输入借款人手机号输入文字13323234545开始...'
'2019-12-18 14:38:51,791-INFO-3148-wait_until_visible-38-等待输入借款人手机号元素可见，耗时0.0...'
'2019-12-18 14:38:51,791-INFO-3148-get_ele-56-获取元素输入借款人手机号开始...'
'2019-12-18 14:38:52,339-INFO-3148-get_ele-69-获取输入借款人手机号元素，耗时0.5480313301086426...'
'2019-12-18 14:38:52,519-INFO-3148-input_text-88-获取输入借款人手机号元素，耗时0.7320420742034912...'
'2019-12-18 14:38:53,019-INFO-3148-ele_click-91-点击元素选择借款人开始...'
'2019-12-18 14:38:53,022-INFO-3148-wait_until_visible-38-等待选择借款人元素可见，耗时0.0...'
'2019-12-18 14:38:53,023-INFO-3148-get_ele-56-获取元素选择借款人开始...'
'2019-12-18 14:38:53,052-INFO-3148-get_ele-69-获取选择借款人元素，耗时0.029001235961914062...'
'2019-12-18 14:38:53,193-INFO-3148-ele_click-106-点击选择借款人元素，耗时0.1740097999572754...'
'2019-12-18 14:38:53,193-INFO-3148-input_text-73-输入标的名称输入文字倪振山52开始...'
'2019-12-18 14:38:53,196-INFO-3148-wait_until_visible-38-等待输入标的名称元素可见，耗时0.0...'
'2019-12-18 14:38:53,197-INFO-3148-get_ele-56-获取元素输入标的名称开始...'
'2019-12-18 14:38:53,215-INFO-3148-get_ele-69-获取输入标的名称元素，耗时0.018001079559326172...'
'2019-12-18 14:38:53,326-INFO-3148-input_text-88-获取输入标的名称元素，耗时0.13300776481628418...'
'2019-12-18 14:38:53,326-INFO-3148-input_text-73-输入利率/月输入文字10开始...'
'2019-12-18 14:38:53,330-INFO-3148-wait_until_visible-38-等待输入利率/月元素可见，耗时0.0...'
'2019-12-18 14:38:53,330-INFO-3148-get_ele-56-获取元素输入利率/月开始...'
'2019-12-18 14:38:53,348-INFO-3148-get_ele-69-获取输入利率/月元素，耗时0.01800084114074707...'
'2019-12-18 14:38:53,432-INFO-3148-input_text-88-获取输入利率/月元素，耗时0.10600590705871582...'
'2019-12-18 14:38:53,432-INFO-3148-input_text-73-输入期限输入文字1开始...'
'2019-12-18 14:38:53,435-INFO-3148-wait_until_visible-38-等待输入期限元素可见，耗时0.0...'
'2019-12-18 14:38:53,435-INFO-3148-get_ele-56-获取元素输入期限开始...'
'2019-12-18 14:38:53,455-INFO-3148-get_ele-69-获取输入期限元素，耗时0.020000934600830078...'
'2019-12-18 14:38:53,540-INFO-3148-input_text-88-获取输入期限元素，耗时0.10800623893737793...'
'2019-12-18 14:38:53,540-INFO-3148-input_text-73-输入贷款金额输入文字100000开始...'
'2019-12-18 14:38:53,543-INFO-3148-wait_until_visible-38-等待输入贷款金额元素可见，耗时0.0...'
'2019-12-18 14:38:53,543-INFO-3148-get_ele-56-获取元素输入贷款金额开始...'
'2019-12-18 14:38:53,561-INFO-3148-get_ele-69-获取输入贷款金额元素，耗时0.01800084114074707...'
'2019-12-18 14:38:53,680-INFO-3148-input_text-88-获取输入贷款金额元素，耗时0.14000821113586426...'
'2019-12-18 14:38:53,680-INFO-3148-input_text-73-输入竞标时长/天输入文字30开始...'
'2019-12-18 14:38:53,683-INFO-3148-wait_until_visible-38-等待输入竞标时长/天元素可见，耗时0.0...'
'2019-12-18 14:38:53,683-INFO-3148-get_ele-56-获取元素输入竞标时长/天开始...'
'2019-12-18 14:38:53,701-INFO-3148-get_ele-69-获取输入竞标时长/天元素，耗时0.018001079559326172...'
'2019-12-18 14:38:53,783-INFO-3148-input_text-88-获取输入竞标时长/天元素，耗时0.10300564765930176...'
'2019-12-18 14:38:53,783-INFO-3148-ele_click-91-点击元素点击风险测评按钮开始...'
'2019-12-18 14:38:53,787-INFO-3148-wait_until_visible-38-等待点击风险测评按钮元素可见，耗时0.0...'
'2019-12-18 14:38:53,787-INFO-3148-get_ele-56-获取元素点击风险测评按钮开始...'
'2019-12-18 14:38:53,805-INFO-3148-get_ele-69-获取点击风险测评按钮元素，耗时0.018001317977905273...'
'2019-12-18 14:38:53,924-INFO-3148-ele_click-106-点击点击风险测评按钮元素，耗时0.14000797271728516...'
'2019-12-18 14:38:53,924-INFO-3148-input_text-73-输入评估价值为1输入文字1开始...'
'2019-12-18 14:38:53,927-INFO-3148-wait_until_visible-38-等待输入评估价值为1元素可见，耗时0.0...'
'2019-12-18 14:38:53,927-INFO-3148-get_ele-56-获取元素输入评估价值为1开始...'
'2019-12-18 14:38:53,949-INFO-3148-get_ele-69-获取输入评估价值为1元素，耗时0.02200150489807129...'
'2019-12-18 14:38:54,025-INFO-3148-input_text-88-获取输入评估价值为1元素，耗时0.10100579261779785...'
'2019-12-18 14:38:54,025-INFO-3148-ele_click-91-点击元素项目录入页签点击开始...'
'2019-12-18 14:38:54,028-INFO-3148-wait_until_visible-38-等待项目录入页签点击元素可见，耗时0.0...'
'2019-12-18 14:38:54,028-INFO-3148-get_ele-56-获取元素项目录入页签点击开始...'
'2019-12-18 14:38:54,047-INFO-3148-get_ele-69-获取项目录入页签点击元素，耗时0.018001079559326172...'
'2019-12-18 14:38:54,159-INFO-3148-ele_click-106-点击项目录入页签点击元素，耗时0.13400769233703613...'
'2019-12-18 14:38:54,159-INFO-3148-input_text-73-输入籍贯输入文字中国开始...'
'2019-12-18 14:38:54,162-INFO-3148-wait_until_visible-38-等待输入籍贯元素可见，耗时0.0...'
'2019-12-18 14:38:54,163-INFO-3148-get_ele-56-获取元素输入籍贯开始...'
'2019-12-18 14:38:54,183-INFO-3148-get_ele-69-获取输入籍贯元素，耗时0.02000117301940918...'
'2019-12-18 14:38:54,273-INFO-3148-input_text-88-获取输入籍贯元素，耗时0.11400651931762695...'
'2019-12-18 14:38:54,274-INFO-3148-input_text-73-输入职业输入文字老赖开始...'
'2019-12-18 14:38:54,277-INFO-3148-wait_until_visible-38-等待输入职业元素可见，耗时0.0...'
'2019-12-18 14:38:54,277-INFO-3148-get_ele-56-获取元素输入职业开始...'
'2019-12-18 14:38:54,295-INFO-3148-get_ele-69-获取输入职业元素，耗时0.018001079559326172...'
'2019-12-18 14:38:54,380-INFO-3148-input_text-88-获取输入职业元素，耗时0.10600590705871582...'
'2019-12-18 14:38:54,380-INFO-3148-input_text-73-输入年龄输入文字18开始...'
'2019-12-18 14:38:54,383-INFO-3148-wait_until_visible-38-等待输入年龄元素可见，耗时0.0...'
'2019-12-18 14:38:54,383-INFO-3148-get_ele-56-获取元素输入年龄开始...'
'2019-12-18 14:38:54,405-INFO-3148-get_ele-69-获取输入年龄元素，耗时0.02200150489807129...'
'2019-12-18 14:38:54,490-INFO-3148-input_text-88-获取输入年龄元素，耗时0.11000633239746094...'
'2019-12-18 14:38:54,490-INFO-3148-ele_click-91-点击元素提交新建标的开始...'
'2019-12-18 14:38:54,493-INFO-3148-wait_until_visible-38-等待提交新建标的元素可见，耗时0.0...'
'2019-12-18 14:38:54,493-INFO-3148-get_ele-56-获取元素提交新建标的开始...'
'2019-12-18 14:38:54,514-INFO-3148-get_ele-69-获取提交新建标的元素，耗时0.021001100540161133...'
'2019-12-18 14:38:54,638-INFO-3148-ele_click-106-点击提交新建标的元素，耗时0.1480083465576172...'
'2019-12-18 14:38:56,639-INFO-3148-ele_click-91-点击元素点击最新一条标的开始...'
'2019-12-18 14:38:56,642-INFO-3148-wait_until_visible-38-等待点击最新一条标的元素可见，耗时0.0...'
'2019-12-18 14:38:56,642-INFO-3148-get_ele-56-获取元素点击最新一条标的开始...'
'2019-12-18 14:38:56,662-INFO-3148-get_ele-69-获取点击最新一条标的元素，耗时0.02000117301940918...'
'2019-12-18 14:38:56,781-INFO-3148-ele_click-106-点击点击最新一条标的元素，耗时0.14200830459594727...'
'2019-12-18 14:38:56,781-INFO-3148-ele_click-91-点击元素点击审核开始...'
'2019-12-18 14:38:56,784-INFO-3148-wait_until_visible-38-等待点击审核元素可见，耗时0.0...'
'2019-12-18 14:38:56,785-INFO-3148-get_ele-56-获取元素点击审核开始...'
'2019-12-18 14:38:56,804-INFO-3148-get_ele-69-获取点击审核元素，耗时0.019001007080078125...'
'2019-12-18 14:38:56,927-INFO-3148-ele_click-106-点击点击审核元素，耗时0.14600849151611328...'
'2019-12-18 14:38:56,927-INFO-3148-ele_click-91-点击元素审核通过开始...'
'2019-12-18 14:38:56,930-INFO-3148-wait_until_visible-38-等待审核通过元素可见，耗时0.0...'
'2019-12-18 14:38:56,930-INFO-3148-get_ele-56-获取元素审核通过开始...'
'2019-12-18 14:38:57,403-INFO-3148-get_ele-69-获取审核通过元素，耗时0.47302699089050293...'
'2019-12-18 14:38:57,540-INFO-3148-ele_click-106-点击审核通过元素，耗时0.6130349636077881...'
'2019-12-18 14:38:59,540-INFO-3148-ele_click-91-点击元素点击最新一条标的开始...'
'2019-12-18 14:38:59,543-INFO-3148-wait_until_visible-38-等待点击最新一条标的元素可见，耗时0.0...'
'2019-12-18 14:38:59,543-INFO-3148-get_ele-56-获取元素点击最新一条标的开始...'
'2019-12-18 14:38:59,562-INFO-3148-get_ele-69-获取点击最新一条标的元素，耗时0.019001007080078125...'
'2019-12-18 14:38:59,688-INFO-3148-ele_click-106-点击点击最新一条标的元素，耗时0.1480083465576172...'
'2019-12-18 14:38:59,688-INFO-3148-ele_click-91-点击元素点击审核开始...'
'2019-12-18 14:38:59,691-INFO-3148-wait_until_visible-38-等待点击审核元素可见，耗时0.0...'
'2019-12-18 14:38:59,691-INFO-3148-get_ele-56-获取元素点击审核开始...'
'2019-12-18 14:38:59,708-INFO-3148-get_ele-69-获取点击审核元素，耗时0.01700139045715332...'
'2019-12-18 14:38:59,862-INFO-3148-ele_click-106-点击点击审核元素，耗时0.1740097999572754...'
'2019-12-18 14:38:59,862-INFO-3148-ele_click-91-点击元素审核通过开始...'
'2019-12-18 14:38:59,865-INFO-3148-wait_until_visible-38-等待审核通过元素可见，耗时0.0...'
'2019-12-18 14:38:59,865-INFO-3148-get_ele-56-获取元素审核通过开始...'
'2019-12-18 14:39:00,416-INFO-3148-get_ele-69-获取审核通过元素，耗时0.5510315895080566...'
'2019-12-18 14:39:00,555-INFO-3148-ele_click-106-点击审核通过元素，耗时0.6930396556854248...'
'2019-12-18 14:39:02,556-INFO-3148-ele_click-91-点击元素点击最新一条标的开始...'
'2019-12-18 14:39:02,559-INFO-3148-wait_until_visible-38-等待点击最新一条标的元素可见，耗时0.0...'
'2019-12-18 14:39:02,559-INFO-3148-get_ele-56-获取元素点击最新一条标的开始...'
'2019-12-18 14:39:02,578-INFO-3148-get_ele-69-获取点击最新一条标的元素，耗时0.019001245498657227...'
'2019-12-18 14:39:02,703-INFO-3148-ele_click-106-点击点击最新一条标的元素，耗时0.14700865745544434...'
'2019-12-18 14:39:02,703-INFO-3148-ele_click-91-点击元素点击审核开始...'
'2019-12-18 14:39:02,706-INFO-3148-wait_until_visible-38-等待点击审核元素可见，耗时0.0...'
'2019-12-18 14:39:02,706-INFO-3148-get_ele-56-获取元素点击审核开始...'
'2019-12-18 14:39:02,724-INFO-3148-get_ele-69-获取点击审核元素，耗时0.018001079559326172...'
'2019-12-18 14:39:02,866-INFO-3148-ele_click-106-点击点击审核元素，耗时0.1630091667175293...'
'2019-12-18 14:39:02,866-INFO-3148-ele_click-91-点击元素审核通过开始...'
'2019-12-18 14:39:02,870-INFO-3148-wait_until_visible-38-等待审核通过元素可见，耗时0.0...'
'2019-12-18 14:39:02,870-INFO-3148-get_ele-56-获取元素审核通过开始...'
'2019-12-18 14:39:03,409-INFO-3148-get_ele-69-获取审核通过元素，耗时0.5390307903289795...'
'2019-12-18 14:39:03,542-INFO-3148-ele_click-106-点击审核通过元素，耗时0.6760387420654297...'
'2019-12-18 14:39:05,703-INFO-3148-init_driver-16-前置initdriver开始...'
'2019-12-18 14:39:09,691-INFO-3148-init_driver-21-前置initdriver结束...'
'2019-12-18 14:39:09,692-INFO-3148-init_login-31-前置init_login开始...'
'2019-12-18 14:39:11,234-INFO-3148-input_text-73-登录页面输入用户名输入文字18684720553开始...'
'2019-12-18 14:39:11,237-INFO-3148-wait_until_visible-38-等待登录页面输入用户名元素可见，耗时0.0...'
'2019-12-18 14:39:11,238-INFO-3148-get_ele-56-获取元素登录页面输入用户名开始...'
'2019-12-18 14:39:11,262-INFO-3148-get_ele-69-获取登录页面输入用户名元素，耗时0.023001432418823242...'
'2019-12-18 14:39:11,420-INFO-3148-input_text-88-获取登录页面输入用户名元素，耗时0.18601059913635254...'
'2019-12-18 14:39:11,420-INFO-3148-input_text-73-登录页面输入密码输入文字python开始...'
'2019-12-18 14:39:11,423-INFO-3148-wait_until_visible-38-等待登录页面输入密码元素可见，耗时0.0...'
'2019-12-18 14:39:11,424-INFO-3148-get_ele-56-获取元素登录页面输入密码开始...'
'2019-12-18 14:39:11,446-INFO-3148-get_ele-69-获取登录页面输入密码元素，耗时0.022001266479492188...'
'2019-12-18 14:39:11,569-INFO-3148-input_text-88-获取登录页面输入密码元素，耗时0.14900875091552734...'
'2019-12-18 14:39:11,569-INFO-3148-ele_click-91-点击元素点击登录按钮开始...'
'2019-12-18 14:39:11,572-INFO-3148-wait_until_visible-38-等待点击登录按钮元素可见，耗时0.0...'
'2019-12-18 14:39:11,572-INFO-3148-get_ele-56-获取元素点击登录按钮开始...'
'2019-12-18 14:39:11,588-INFO-3148-get_ele-69-获取点击登录按钮元素，耗时0.015001058578491211...'
'2019-12-18 14:39:11,651-INFO-3148-ele_click-106-点击点击登录按钮元素，耗时0.08200430870056152...'
'2019-12-18 14:39:11,651-INFO-3148-init_login-33-后置init_login结束...'
'2019-12-18 14:39:13,658-INFO-3148-get_text-110-获取获取首页的标的余额元素txt开始...'
'2019-12-18 14:39:13,661-INFO-3148-wait_until_visible-38-等待获取首页的标的余额元素可见，耗时0.0...'
'2019-12-18 14:39:13,661-INFO-3148-get_ele-56-获取元素获取首页的标的余额开始...'
'2019-12-18 14:39:33,541-INFO-3148-get_ele-69-获取获取首页的标的余额元素，耗时19.880136966705322...'
'2019-12-18 14:39:33,570-INFO-3148-get_text-125-获取获取首页的标的余额元素text，耗时19.91213870048523...'
'2019-12-18 14:39:33,570-INFO-3148-ele_click-91-点击元素首页点击抢投标按钮开始...'
'2019-12-18 14:39:33,573-INFO-3148-wait_until_visible-38-等待首页点击抢投标按钮元素可见，耗时0.0...'
'2019-12-18 14:39:33,573-INFO-3148-get_ele-56-获取元素首页点击抢投标按钮开始...'
'2019-12-18 14:39:33,588-INFO-3148-get_ele-69-获取首页点击抢投标按钮元素，耗时0.01500082015991211...'
'2019-12-18 14:39:56,843-INFO-3148-ele_click-106-点击首页点击抢投标按钮元素，耗时23.27233123779297...'
'2019-12-18 14:39:56,844-INFO-3148-get_attr-130-获取投资页面获取用户余额元素data-amount参数开始...'
'2019-12-18 14:39:56,846-INFO-3148-wait_until_exist-53-等待投资页面获取用户余额元素存在，耗时0.0...'
'2019-12-18 14:39:56,846-INFO-3148-get_ele-56-获取元素投资页面获取用户余额开始...'
'2019-12-18 14:39:56,866-INFO-3148-get_ele-69-获取投资页面获取用户余额元素，耗时0.019001245498657227...'
'2019-12-18 14:39:56,876-INFO-3148-get_attr-144-获取投资页面获取用户余额元素值为152382594.59耗时0.03200173377990723...'
'2019-12-18 14:39:56,877-INFO-3148-input_text-73-输入投资金额框输入文字500开始...'
'2019-12-18 14:39:56,879-INFO-3148-wait_until_visible-38-等待输入投资金额框元素可见，耗时0.0...'
'2019-12-18 14:39:56,879-INFO-3148-get_ele-56-获取元素输入投资金额框开始...'
'2019-12-18 14:39:56,890-INFO-3148-get_ele-69-获取输入投资金额框元素，耗时0.010000467300415039...'
'2019-12-18 14:39:56,970-INFO-3148-input_text-88-获取输入投资金额框元素，耗时0.09300541877746582...'
'2019-12-18 14:39:56,970-INFO-3148-ele_click-91-点击元素点击投标按钮开始...'
'2019-12-18 14:39:56,973-INFO-3148-wait_until_visible-38-等待点击投标按钮元素可见，耗时0.0...'
'2019-12-18 14:39:56,973-INFO-3148-get_ele-56-获取元素点击投标按钮开始...'
'2019-12-18 14:39:56,992-INFO-3148-get_ele-69-获取点击投标按钮元素，耗时0.019001245498657227...'
'2019-12-18 14:39:57,047-INFO-3148-ele_click-106-点击点击投标按钮元素，耗时0.07700443267822266...'
'2019-12-18 14:39:57,047-INFO-3148-get_ele-56-获取元素点击并查看按钮开始...'
'2019-12-18 14:39:57,062-INFO-3148-get_ele-69-获取点击并查看按钮元素，耗时0.01500082015991211...'
'2019-12-18 14:40:36,704-INFO-3148-get_text-110-获取获取用户详情页面用户剩余余额元素txt开始...'
'2019-12-18 14:40:36,707-INFO-3148-wait_until_visible-38-等待获取用户详情页面用户剩余余额元素可见，耗时0.0...'
'2019-12-18 14:40:36,707-INFO-3148-get_ele-56-获取元素获取用户详情页面用户剩余余额开始...'
'2019-12-18 14:40:36,723-INFO-3148-get_ele-69-获取获取用户详情页面用户剩余余额元素，耗时0.01500082015991211...'
'2019-12-18 14:40:36,739-INFO-3148-get_text-125-获取获取用户详情页面用户剩余余额元素text，耗时0.03500223159790039...'
'2019-12-18 14:40:36,739-INFO-3148-test_bid_successs-57-断言最新投资记录与投资操作符合'
'2019-12-18 14:40:36,739-INFO-3148-ele_click-91-点击元素点击投资记录按钮开始...'
'2019-12-18 14:40:36,742-INFO-3148-wait_until_visible-38-等待点击投资记录按钮元素可见，耗时0.0...'
'2019-12-18 14:40:36,742-INFO-3148-get_ele-56-获取元素点击投资记录按钮开始...'
'2019-12-18 14:40:36,756-INFO-3148-get_ele-69-获取点击投资记录按钮元素，耗时0.014000892639160156...'
'2019-12-18 14:40:36,813-INFO-3148-ele_click-106-点击点击投资记录按钮元素，耗时0.0740041732788086...'
'2019-12-18 14:40:36,813-INFO-3148-get_text-110-获取获取最新投资记录的投资日期元素txt开始...'
'2019-12-18 14:40:36,816-INFO-3148-wait_until_visible-38-等待获取最新投资记录的投资日期元素可见，耗时0.0...'
'2019-12-18 14:40:36,816-INFO-3148-get_ele-56-获取元素获取最新投资记录的投资日期开始...'
'2019-12-18 14:40:36,951-INFO-3148-get_ele-69-获取获取最新投资记录的投资日期元素，耗时0.1350078582763672...'
'2019-12-18 14:40:36,968-INFO-3148-get_text-125-获取获取最新投资记录的投资日期元素text，耗时0.15500879287719727...'
'2019-12-18 14:40:36,968-INFO-3148-get_text-110-获取获取最新投资记录的标的名称元素txt开始...'
'2019-12-18 14:40:36,971-INFO-3148-wait_until_visible-38-等待获取最新投资记录的标的名称元素可见，耗时0.0...'
'2019-12-18 14:40:36,971-INFO-3148-get_ele-56-获取元素获取最新投资记录的标的名称开始...'
'2019-12-18 14:40:36,985-INFO-3148-get_ele-69-获取获取最新投资记录的标的名称元素，耗时0.014000654220581055...'
'2019-12-18 14:40:37,002-INFO-3148-get_text-125-获取获取最新投资记录的标的名称元素text，耗时0.03300189971923828...'
'2019-12-18 14:40:37,002-INFO-3148-get_text-110-获取获取最新投资记录的投资金额元素txt开始...'
'2019-12-18 14:40:37,004-INFO-3148-wait_until_visible-38-等待获取最新投资记录的投资金额元素可见，耗时0.0...'
'2019-12-18 14:40:37,005-INFO-3148-get_ele-56-获取元素获取最新投资记录的投资金额开始...'
'2019-12-18 14:40:37,018-INFO-3148-get_ele-69-获取获取最新投资记录的投资金额元素，耗时0.013000726699829102...'
'2019-12-18 14:40:37,034-INFO-3148-get_text-125-获取获取最新投资记录的投资金额元素text，耗时0.03200173377990723...'
'2019-12-18 14:41:21,396-INFO-3148-get_text-110-获取获取投资页面的标的剩余可投金额元素txt开始...'
'2019-12-18 14:41:21,399-INFO-3148-wait_until_visible-38-等待获取投资页面的标的剩余可投金额元素可见，耗时0.0...'
'2019-12-18 14:41:21,399-INFO-3148-get_ele-56-获取元素获取投资页面的标的剩余可投金额开始...'
'2019-12-18 14:41:21,415-INFO-3148-get_ele-69-获取获取投资页面的标的剩余可投金额元素，耗时0.016000986099243164...'
'2019-12-18 14:41:21,432-INFO-3148-get_text-125-获取获取投资页面的标的剩余可投金额元素text，耗时0.03600192070007324...'
'2019-12-18 14:41:21,432-INFO-3148-test_bid_successs-70-断言标的金额减少'
'2019-12-18 14:41:21,435-INFO-3148-init_driver-24-后置initdriver开始...'
'2019-12-18 14:41:21,435-INFO-3148-init_driver-27-后置initdriver结束...'
'2019-12-18 14:41:21,437-INFO-3148-build_bid-28-session级别前置build_bid结束...'
'2019-12-18 15:02:31,952-INFO-16072-build_bid-19-session级别前置build_bid开始...'
'2019-12-18 15:02:35,292-INFO-16072-input_text-73-后台输入用户名输入文字lemon7开始...'
'2019-12-18 15:02:35,300-INFO-16072-wait_until_visible-38-等待后台输入用户名元素可见，耗时0.0...'
'2019-12-18 15:02:35,300-INFO-16072-get_ele-56-获取元素后台输入用户名开始...'
'2019-12-18 15:02:35,320-INFO-16072-get_ele-69-获取后台输入用户名元素，耗时0.02000141143798828...'
'2019-12-18 15:02:35,411-INFO-16072-input_text-88-获取后台输入用户名元素，耗时0.11800670623779297...'
'2019-12-18 15:02:35,411-INFO-16072-input_text-73-后台输入密码输入文字lemonbest开始...'
'2019-12-18 15:02:35,416-INFO-16072-wait_until_visible-38-等待后台输入密码元素可见，耗时0.0...'
'2019-12-18 15:02:35,416-INFO-16072-get_ele-56-获取元素后台输入密码开始...'
'2019-12-18 15:02:35,433-INFO-16072-get_ele-69-获取后台输入密码元素，耗时0.017000675201416016...'
'2019-12-18 15:02:35,496-INFO-16072-input_text-88-获取后台输入密码元素，耗时0.08400487899780273...'
'2019-12-18 15:02:35,497-INFO-16072-input_text-73-后台输入万能验证码输入文字hapi开始...'
'2019-12-18 15:02:35,500-INFO-16072-wait_until_visible-38-等待后台输入万能验证码元素可见，耗时0.0...'
'2019-12-18 15:02:35,500-INFO-16072-get_ele-56-获取元素后台输入万能验证码开始...'
'2019-12-18 15:02:35,517-INFO-16072-get_ele-69-获取后台输入万能验证码元素，耗时0.017000913619995117...'
'2019-12-18 15:02:35,573-INFO-16072-input_text-88-获取后台输入万能验证码元素，耗时0.0760042667388916...'
'2019-12-18 15:02:35,573-INFO-16072-ele_click-91-点击元素点击后台登录按钮开始...'
'2019-12-18 15:02:35,577-INFO-16072-wait_until_visible-38-等待点击后台登录按钮元素可见，耗时0.0...'
'2019-12-18 15:02:35,577-INFO-16072-get_ele-56-获取元素点击后台登录按钮开始...'
'2019-12-18 15:02:35,592-INFO-16072-get_ele-69-获取点击后台登录按钮元素，耗时0.01500082015991211...'
'2019-12-18 15:02:35,645-INFO-16072-ele_click-106-点击点击后台登录按钮元素，耗时0.07200407981872559...'
'2019-12-18 15:02:35,645-INFO-16072-ele_click-91-点击元素点击贷款管理开始...'
'2019-12-18 15:02:35,648-INFO-16072-wait_until_visible-38-等待点击贷款管理元素可见，耗时0.0...'
'2019-12-18 15:02:35,648-INFO-16072-get_ele-56-获取元素点击贷款管理开始...'
'2019-12-18 15:02:36,604-INFO-16072-get_ele-69-获取点击贷款管理元素，耗时0.9560546875...'
'2019-12-18 15:02:36,710-INFO-16072-ele_click-106-点击点击贷款管理元素，耗时1.065061092376709...'
'2019-12-18 15:02:36,710-INFO-16072-switch_to_iframe-176-切换iframe切换iframe开始...'
'2019-12-18 15:02:36,714-INFO-16072-wait_until_exist-53-等待切换iframe元素存在，耗时0.0...'
'2019-12-18 15:02:36,714-INFO-16072-get_ele-56-获取元素切换iframe开始...'
'2019-12-18 15:02:36,730-INFO-16072-get_ele-69-获取切换iframe元素，耗时0.016000747680664062...'
'2019-12-18 15:02:36,760-INFO-16072-switch_to_iframe-190-切换iframe切换iframe结束，耗时0.0500028133392334...'
'2019-12-18 15:02:38,761-INFO-16072-ele_click-91-点击元素点击加标按钮开始...'
'2019-12-18 15:02:38,764-INFO-16072-wait_until_visible-38-等待点击加标按钮元素可见，耗时0.0...'
'2019-12-18 15:02:38,764-INFO-16072-get_ele-56-获取元素点击加标按钮开始...'
'2019-12-18 15:02:38,781-INFO-16072-get_ele-69-获取点击加标按钮元素，耗时0.017000913619995117...'
'2019-12-18 15:02:38,904-INFO-16072-ele_click-106-点击点击加标按钮元素，耗时0.14300823211669922...'
'2019-12-18 15:02:38,904-INFO-16072-input_text-73-输入借款人手机号输入文字13323234545开始...'
'2019-12-18 15:02:38,908-INFO-16072-wait_until_visible-38-等待输入借款人手机号元素可见，耗时0.0...'
'2019-12-18 15:02:38,908-INFO-16072-get_ele-56-获取元素输入借款人手机号开始...'
'2019-12-18 15:02:39,469-INFO-16072-get_ele-69-获取输入借款人手机号元素，耗时0.5610322952270508...'
'2019-12-18 15:02:39,637-INFO-16072-input_text-88-获取输入借款人手机号元素，耗时0.7330420017242432...'
'2019-12-18 15:02:40,137-INFO-16072-ele_click-91-点击元素选择借款人开始...'
'2019-12-18 15:02:40,140-INFO-16072-wait_until_visible-38-等待选择借款人元素可见，耗时0.0...'
'2019-12-18 15:02:40,140-INFO-16072-get_ele-56-获取元素选择借款人开始...'
'2019-12-18 15:02:40,158-INFO-16072-get_ele-69-获取选择借款人元素，耗时0.01700115203857422...'
'2019-12-18 15:02:40,268-INFO-16072-ele_click-106-点击选择借款人元素，耗时0.13100743293762207...'
'2019-12-18 15:02:40,268-INFO-16072-input_text-73-输入标的名称输入文字班凤筠55开始...'
'2019-12-18 15:02:40,272-INFO-16072-wait_until_visible-38-等待输入标的名称元素可见，耗时0.0...'
'2019-12-18 15:02:40,272-INFO-16072-get_ele-56-获取元素输入标的名称开始...'
'2019-12-18 15:02:40,288-INFO-16072-get_ele-69-获取输入标的名称元素，耗时0.016001224517822266...'
'2019-12-18 15:02:40,404-INFO-16072-input_text-88-获取输入标的名称元素，耗时0.13600778579711914...'
'2019-12-18 15:02:40,404-INFO-16072-input_text-73-输入利率/月输入文字10开始...'
'2019-12-18 15:02:40,407-INFO-16072-wait_until_visible-38-等待输入利率/月元素可见，耗时0.0...'
'2019-12-18 15:02:40,407-INFO-16072-get_ele-56-获取元素输入利率/月开始...'
'2019-12-18 15:02:40,423-INFO-16072-get_ele-69-获取输入利率/月元素，耗时0.016000747680664062...'
'2019-12-18 15:02:40,497-INFO-16072-input_text-88-获取输入利率/月元素，耗时0.09300518035888672...'
'2019-12-18 15:02:40,497-INFO-16072-input_text-73-输入期限输入文字1开始...'
'2019-12-18 15:02:40,500-INFO-16072-wait_until_visible-38-等待输入期限元素可见，耗时0.0...'
'2019-12-18 15:02:40,501-INFO-16072-get_ele-56-获取元素输入期限开始...'
'2019-12-18 15:02:40,517-INFO-16072-get_ele-69-获取输入期限元素，耗时0.016000747680664062...'
'2019-12-18 15:02:40,600-INFO-16072-input_text-88-获取输入期限元素，耗时0.10300612449645996...'
'2019-12-18 15:02:40,600-INFO-16072-input_text-73-输入贷款金额输入文字100000开始...'
'2019-12-18 15:02:40,603-INFO-16072-wait_until_visible-38-等待输入贷款金额元素可见，耗时0.0...'
'2019-12-18 15:02:40,603-INFO-16072-get_ele-56-获取元素输入贷款金额开始...'
'2019-12-18 15:02:40,622-INFO-16072-get_ele-69-获取输入贷款金额元素，耗时0.018001079559326172...'
'2019-12-18 15:02:40,824-INFO-16072-input_text-88-获取输入贷款金额元素，耗时0.2240126132965088...'
'2019-12-18 15:02:40,825-INFO-16072-input_text-73-输入竞标时长/天输入文字30开始...'
'2019-12-18 15:02:40,828-INFO-16072-wait_until_visible-38-等待输入竞标时长/天元素可见，耗时0.0...'
'2019-12-18 15:02:40,828-INFO-16072-get_ele-56-获取元素输入竞标时长/天开始...'
'2019-12-18 15:02:40,860-INFO-16072-get_ele-69-获取输入竞标时长/天元素，耗时0.03200173377990723...'
'2019-12-18 15:02:40,955-INFO-16072-input_text-88-获取输入竞标时长/天元素，耗时0.13000750541687012...'
'2019-12-18 15:02:40,955-INFO-16072-ele_click-91-点击元素点击风险测评按钮开始...'
'2019-12-18 15:02:40,958-INFO-16072-wait_until_visible-38-等待点击风险测评按钮元素可见，耗时0.0...'
'2019-12-18 15:02:40,958-INFO-16072-get_ele-56-获取元素点击风险测评按钮开始...'
'2019-12-18 15:02:40,977-INFO-16072-get_ele-69-获取点击风险测评按钮元素，耗时0.019001007080078125...'
'2019-12-18 15:02:41,089-INFO-16072-ele_click-106-点击点击风险测评按钮元素，耗时0.13400769233703613...'
'2019-12-18 15:02:41,089-INFO-16072-input_text-73-输入评估价值为1输入文字1开始...'
'2019-12-18 15:02:41,092-INFO-16072-wait_until_visible-38-等待输入评估价值为1元素可见，耗时0.0...'
'2019-12-18 15:02:41,093-INFO-16072-get_ele-56-获取元素输入评估价值为1开始...'
'2019-12-18 15:02:41,114-INFO-16072-get_ele-69-获取输入评估价值为1元素，耗时0.021001100540161133...'
'2019-12-18 15:02:41,185-INFO-16072-input_text-88-获取输入评估价值为1元素，耗时0.09600543975830078...'
'2019-12-18 15:02:41,185-INFO-16072-ele_click-91-点击元素项目录入页签点击开始...'
'2019-12-18 15:02:41,188-INFO-16072-wait_until_visible-38-等待项目录入页签点击元素可见，耗时0.0...'
'2019-12-18 15:02:41,188-INFO-16072-get_ele-56-获取元素项目录入页签点击开始...'
'2019-12-18 15:02:41,204-INFO-16072-get_ele-69-获取项目录入页签点击元素，耗时0.016000747680664062...'
'2019-12-18 15:02:41,309-INFO-16072-ele_click-106-点击项目录入页签点击元素，耗时0.1240072250366211...'
'2019-12-18 15:02:41,309-INFO-16072-input_text-73-输入籍贯输入文字中国开始...'
'2019-12-18 15:02:41,313-INFO-16072-wait_until_visible-38-等待输入籍贯元素可见，耗时0.0...'
'2019-12-18 15:02:41,313-INFO-16072-get_ele-56-获取元素输入籍贯开始...'
'2019-12-18 15:02:41,332-INFO-16072-get_ele-69-获取输入籍贯元素，耗时0.019001007080078125...'
'2019-12-18 15:02:41,717-INFO-16072-input_text-88-获取输入籍贯元素，耗时0.40702319145202637...'
'2019-12-18 15:02:41,717-INFO-16072-input_text-73-输入职业输入文字老赖开始...'
'2019-12-18 15:02:41,720-INFO-16072-wait_until_visible-38-等待输入职业元素可见，耗时0.0...'
'2019-12-18 15:02:41,720-INFO-16072-get_ele-56-获取元素输入职业开始...'
'2019-12-18 15:02:41,743-INFO-16072-get_ele-69-获取输入职业元素，耗时0.02300095558166504...'
'2019-12-18 15:02:41,823-INFO-16072-input_text-88-获取输入职业元素，耗时0.10600614547729492...'
'2019-12-18 15:02:41,823-INFO-16072-input_text-73-输入年龄输入文字18开始...'
'2019-12-18 15:02:41,827-INFO-16072-wait_until_visible-38-等待输入年龄元素可见，耗时0.0...'
'2019-12-18 15:02:41,827-INFO-16072-get_ele-56-获取元素输入年龄开始...'
'2019-12-18 15:02:41,842-INFO-16072-get_ele-69-获取输入年龄元素，耗时0.01500082015991211...'
'2019-12-18 15:02:41,929-INFO-16072-input_text-88-获取输入年龄元素，耗时0.10500574111938477...'
'2019-12-18 15:02:41,929-INFO-16072-ele_click-91-点击元素提交新建标的开始...'
'2019-12-18 15:02:41,932-INFO-16072-wait_until_visible-38-等待提交新建标的元素可见，耗时0.0...'
'2019-12-18 15:02:41,932-INFO-16072-get_ele-56-获取元素提交新建标的开始...'
'2019-12-18 15:02:41,951-INFO-16072-get_ele-69-获取提交新建标的元素，耗时0.019001245498657227...'
'2019-12-18 15:02:42,065-INFO-16072-ele_click-106-点击提交新建标的元素，耗时0.13600802421569824...'
'2019-12-18 15:02:44,065-INFO-16072-ele_click-91-点击元素点击最新一条标的开始...'
'2019-12-18 15:02:44,068-INFO-16072-wait_until_visible-38-等待点击最新一条标的元素可见，耗时0.0...'
'2019-12-18 15:02:44,068-INFO-16072-get_ele-56-获取元素点击最新一条标的开始...'
'2019-12-18 15:02:44,085-INFO-16072-get_ele-69-获取点击最新一条标的元素，耗时0.017000913619995117...'
'2019-12-18 15:02:44,177-INFO-16072-ele_click-106-点击点击最新一条标的元素，耗时0.11200642585754395...'
'2019-12-18 15:02:44,177-INFO-16072-ele_click-91-点击元素点击审核开始...'
'2019-12-18 15:02:44,180-INFO-16072-wait_until_visible-38-等待点击审核元素可见，耗时0.0...'
'2019-12-18 15:02:44,180-INFO-16072-get_ele-56-获取元素点击审核开始...'
'2019-12-18 15:02:44,196-INFO-16072-get_ele-69-获取点击审核元素，耗时0.01500082015991211...'
'2019-12-18 15:02:44,299-INFO-16072-ele_click-106-点击点击审核元素，耗时0.12200665473937988...'
'2019-12-18 15:02:44,299-INFO-16072-ele_click-91-点击元素审核通过开始...'
'2019-12-18 15:02:44,303-INFO-16072-wait_until_visible-38-等待审核通过元素可见，耗时0.0...'
'2019-12-18 15:02:44,303-INFO-16072-get_ele-56-获取元素审核通过开始...'
'2019-12-18 15:02:44,811-INFO-16072-get_ele-69-获取审核通过元素，耗时0.5080289840698242...'
'2019-12-18 15:02:44,937-INFO-16072-ele_click-106-点击审核通过元素，耗时0.6370365619659424...'
'2019-12-18 15:02:46,937-INFO-16072-ele_click-91-点击元素点击最新一条标的开始...'
'2019-12-18 15:02:46,940-INFO-16072-wait_until_visible-38-等待点击最新一条标的元素可见，耗时0.0...'
'2019-12-18 15:02:46,940-INFO-16072-get_ele-56-获取元素点击最新一条标的开始...'
'2019-12-18 15:02:46,953-INFO-16072-get_ele-69-获取点击最新一条标的元素，耗时0.013000726699829102...'
'2019-12-18 15:02:47,044-INFO-16072-ele_click-106-点击点击最新一条标的元素，耗时0.10700631141662598...'
'2019-12-18 15:02:47,045-INFO-16072-ele_click-91-点击元素点击审核开始...'
'2019-12-18 15:02:47,048-INFO-16072-wait_until_visible-38-等待点击审核元素可见，耗时0.0...'
'2019-12-18 15:02:47,048-INFO-16072-get_ele-56-获取元素点击审核开始...'
'2019-12-18 15:02:47,062-INFO-16072-get_ele-69-获取点击审核元素，耗时0.014000654220581055...'
'2019-12-18 15:02:47,180-INFO-16072-ele_click-106-点击点击审核元素，耗时0.13500738143920898...'
'2019-12-18 15:02:47,180-INFO-16072-ele_click-91-点击元素审核通过开始...'
'2019-12-18 15:02:47,183-INFO-16072-wait_until_visible-38-等待审核通过元素可见，耗时0.0...'
'2019-12-18 15:02:47,184-INFO-16072-get_ele-56-获取元素审核通过开始...'
'2019-12-18 15:02:47,742-INFO-16072-get_ele-69-获取审核通过元素，耗时0.5580317974090576...'
'2019-12-18 15:02:47,870-INFO-16072-ele_click-106-点击审核通过元素，耗时0.6900396347045898...'
'2019-12-18 15:02:49,870-INFO-16072-ele_click-91-点击元素点击最新一条标的开始...'
'2019-12-18 15:02:49,873-INFO-16072-wait_until_visible-38-等待点击最新一条标的元素可见，耗时0.0...'
'2019-12-18 15:02:49,873-INFO-16072-get_ele-56-获取元素点击最新一条标的开始...'
'2019-12-18 15:02:49,888-INFO-16072-get_ele-69-获取点击最新一条标的元素，耗时0.015001058578491211...'
'2019-12-18 15:02:49,995-INFO-16072-ele_click-106-点击点击最新一条标的元素，耗时0.12500715255737305...'
'2019-12-18 15:02:49,995-INFO-16072-ele_click-91-点击元素点击审核开始...'
'2019-12-18 15:02:49,998-INFO-16072-wait_until_visible-38-等待点击审核元素可见，耗时0.0...'
'2019-12-18 15:02:49,998-INFO-16072-get_ele-56-获取元素点击审核开始...'
'2019-12-18 15:02:50,013-INFO-16072-get_ele-69-获取点击审核元素，耗时0.014000892639160156...'
'2019-12-18 15:02:50,146-INFO-16072-ele_click-106-点击点击审核元素，耗时0.15100860595703125...'
'2019-12-18 15:02:50,146-INFO-16072-ele_click-91-点击元素审核通过开始...'
'2019-12-18 15:02:50,150-INFO-16072-wait_until_visible-38-等待审核通过元素可见，耗时0.0...'
'2019-12-18 15:02:50,150-INFO-16072-get_ele-56-获取元素审核通过开始...'
'2019-12-18 15:02:50,698-INFO-16072-get_ele-69-获取审核通过元素，耗时0.5480310916900635...'
'2019-12-18 15:02:50,737-INFO-16072-ele_click-106-点击审核通过元素，耗时0.590034008026123...'
'2019-12-18 15:02:52,898-INFO-16072-init_driver-16-前置initdriver开始...'
'2019-12-18 15:02:56,835-INFO-16072-init_driver-21-前置initdriver结束...'
'2019-12-18 15:02:56,836-INFO-16072-init_login-31-前置init_login开始...'
'2019-12-18 15:02:58,285-INFO-16072-input_text-73-登录页面输入用户名输入文字18684720553开始...'
'2019-12-18 15:02:58,290-INFO-16072-wait_until_visible-38-等待登录页面输入用户名元素可见，耗时0.0...'
'2019-12-18 15:02:58,290-INFO-16072-get_ele-56-获取元素登录页面输入用户名开始...'
'2019-12-18 15:02:58,298-ERROR-16072-get_ele-62-Traceback (most recent call last):
  File "D:\eclipse\selenium_learn\futurn_loan\common\basepage.py", line 59, in get_ele
    ele = self.driver.find_element(*ele_loc)
  File "D:\python\lib\site-packages\selenium\webdriver\remote\webdriver.py", line 978, in find_element
    'value': value})['value']
  File "D:\python\lib\site-packages\selenium\webdriver\remote\webdriver.py", line 321, in execute
    self.error_handler.check_response(response)
  File "D:\python\lib\site-packages\selenium\webdriver\remote\errorhandler.py", line 242, in check_response
    raise exception_class(message, screen, stacktrace)
selenium.common.exceptions.NoSuchWindowException: Message: no such window: target window already closed
from unknown error: web view not found
  (Session info: chrome=79.0.3945.79)

'
'2019-12-18 15:02:58,299-INFO-16072-screenshot_save-218-保存截图登录页面输入用户名2019-12-18_15H-02M-58S.png...'
'2019-12-18 15:02:58,306-ERROR-16072-screenshot_save-222-保存截图登录页面输入用户名2019-12-18_15H-02M-58S.png报错...'
Traceback (most recent call last):
  File "D:\eclipse\selenium_learn\futurn_loan\common\basepage.py", line 59, in get_ele
    ele = self.driver.find_element(*ele_loc)
  File "D:\python\lib\site-packages\selenium\webdriver\remote\webdriver.py", line 978, in find_element
    'value': value})['value']
  File "D:\python\lib\site-packages\selenium\webdriver\remote\webdriver.py", line 321, in execute
    self.error_handler.check_response(response)
  File "D:\python\lib\site-packages\selenium\webdriver\remote\errorhandler.py", line 242, in check_response
    raise exception_class(message, screen, stacktrace)
selenium.common.exceptions.NoSuchWindowException: Message: no such window: target window already closed
from unknown error: web view not found
  (Session info: chrome=79.0.3945.79)


During handling of the above exception, another exception occurred:

Traceback (most recent call last):
  File "D:\eclipse\selenium_learn\futurn_loan\common\basepage.py", line 219, in screenshot_save
    self.driver.save_screenshot(img_file_path)
  File "D:\python\lib\site-packages\selenium\webdriver\remote\webdriver.py", line 1055, in save_screenshot
    return self.get_screenshot_as_file(filename)
  File "D:\python\lib\site-packages\selenium\webdriver\remote\webdriver.py", line 1032, in get_screenshot_as_file
    png = self.get_screenshot_as_png()
  File "D:\python\lib\site-packages\selenium\webdriver\remote\webdriver.py", line 1064, in get_screenshot_as_png
    return base64.b64decode(self.get_screenshot_as_base64().encode('ascii'))
  File "D:\python\lib\site-packages\selenium\webdriver\remote\webdriver.py", line 1074, in get_screenshot_as_base64
    return self.execute(Command.SCREENSHOT)['value']
  File "D:\python\lib\site-packages\selenium\webdriver\remote\webdriver.py", line 321, in execute
    self.error_handler.check_response(response)
  File "D:\python\lib\site-packages\selenium\webdriver\remote\errorhandler.py", line 242, in check_response
    raise exception_class(message, screen, stacktrace)
selenium.common.exceptions.NoSuchWindowException: Message: no such window: target window already closed
from unknown error: web view not found
  (Session info: chrome=79.0.3945.79)

'2019-12-18 15:02:58,458-INFO-16072-init_driver-24-后置initdriver开始...'
'2019-12-18 15:02:58,458-INFO-16072-init_driver-27-后置initdriver结束...'
'2019-12-18 15:02:58,459-INFO-16072-build_bid-28-session级别前置build_bid结束...'
'2019-12-18 15:02:58,480-INFO-16072-build_bid-19-session级别前置build_bid开始...'
'2019-12-18 15:03:01,796-INFO-16072-input_text-73-后台输入用户名输入文字lemon7开始...'
'2019-12-18 15:03:01,800-INFO-16072-wait_until_visible-38-等待后台输入用户名元素可见，耗时0.0...'
'2019-12-18 15:03:01,800-INFO-16072-get_ele-56-获取元素后台输入用户名开始...'
'2019-12-18 15:03:01,821-INFO-16072-get_ele-69-获取后台输入用户名元素，耗时0.021001100540161133...'
'2019-12-18 15:03:01,908-INFO-16072-input_text-88-获取后台输入用户名元素，耗时0.11200642585754395...'
'2019-12-18 15:03:01,908-INFO-16072-input_text-73-后台输入密码输入文字lemonbest开始...'
'2019-12-18 15:03:01,911-INFO-16072-wait_until_visible-38-等待后台输入密码元素可见，耗时0.0...'
'2019-12-18 15:03:01,911-INFO-16072-get_ele-56-获取元素后台输入密码开始...'
'2019-12-18 15:03:01,958-INFO-16072-get_ele-69-获取后台输入密码元素，耗时0.04700279235839844...'
'2019-12-18 15:03:01,958-ERROR-16072-input_text-82-Traceback (most recent call last):
  File "D:\eclipse\selenium_learn\futurn_loan\common\basepage.py", line 79, in input_text
    ele.send_keys(text)
AttributeError: 'NoneType' object has no attribute 'send_keys'
'
'2019-12-18 15:03:01,959-INFO-16072-screenshot_save-218-保存截图后台输入密码2019-12-18_15H-03M-01S.png...'
'2019-12-18 15:03:01,961-ERROR-16072-screenshot_save-222-保存截图后台输入密码2019-12-18_15H-03M-01S.png报错...'
Traceback (most recent call last):
  File "D:\eclipse\selenium_learn\futurn_loan\common\basepage.py", line 79, in input_text
    ele.send_keys(text)
AttributeError: 'NoneType' object has no attribute 'send_keys'

During handling of the above exception, another exception occurred:

Traceback (most recent call last):
  File "D:\eclipse\selenium_learn\futurn_loan\common\basepage.py", line 219, in screenshot_save
    self.driver.save_screenshot(img_file_path)
  File "D:\python\lib\site-packages\selenium\webdriver\remote\webdriver.py", line 1055, in save_screenshot
    return self.get_screenshot_as_file(filename)
  File "D:\python\lib\site-packages\selenium\webdriver\remote\webdriver.py", line 1032, in get_screenshot_as_file
    png = self.get_screenshot_as_png()
  File "D:\python\lib\site-packages\selenium\webdriver\remote\webdriver.py", line 1064, in get_screenshot_as_png
    return base64.b64decode(self.get_screenshot_as_base64().encode('ascii'))
  File "D:\python\lib\site-packages\selenium\webdriver\remote\webdriver.py", line 1074, in get_screenshot_as_base64
    return self.execute(Command.SCREENSHOT)['value']
  File "D:\python\lib\site-packages\selenium\webdriver\remote\webdriver.py", line 321, in execute
    self.error_handler.check_response(response)
  File "D:\python\lib\site-packages\selenium\webdriver\remote\errorhandler.py", line 242, in check_response
    raise exception_class(message, screen, stacktrace)
selenium.common.exceptions.NoSuchWindowException: Message: no such window: target window already closed
from unknown error: web view not found
  (Session info: chrome=79.0.3945.79)

'2019-12-18 15:03:02,002-INFO-16072-build_bid-19-session级别前置build_bid开始...'
'2019-12-18 15:03:05,296-INFO-16072-input_text-73-后台输入用户名输入文字lemon7开始...'
'2019-12-18 15:03:05,301-INFO-16072-wait_until_visible-38-等待后台输入用户名元素可见，耗时0.0...'
'2019-12-18 15:03:05,301-INFO-16072-get_ele-56-获取元素后台输入用户名开始...'
'2019-12-18 15:03:05,325-INFO-16072-get_ele-69-获取后台输入用户名元素，耗时0.024001359939575195...'
'2019-12-18 15:03:05,413-INFO-16072-input_text-88-获取后台输入用户名元素，耗时0.11700654029846191...'
'2019-12-18 15:03:05,414-INFO-16072-input_text-73-后台输入密码输入文字lemonbest开始...'
'2019-12-18 15:03:05,417-INFO-16072-wait_until_visible-38-等待后台输入密码元素可见，耗时0.0...'
'2019-12-18 15:03:05,417-INFO-16072-get_ele-56-获取元素后台输入密码开始...'
'2019-12-18 15:03:05,433-INFO-16072-get_ele-69-获取后台输入密码元素，耗时0.016000986099243164...'
'2019-12-18 15:03:05,502-INFO-16072-input_text-88-获取后台输入密码元素，耗时0.08800506591796875...'
'2019-12-18 15:03:05,502-INFO-16072-input_text-73-后台输入万能验证码输入文字hapi开始...'
'2019-12-18 15:03:05,506-INFO-16072-wait_until_visible-38-等待后台输入万能验证码元素可见，耗时0.0...'
'2019-12-18 15:03:05,506-INFO-16072-get_ele-56-获取元素后台输入万能验证码开始...'
'2019-12-18 15:03:05,521-INFO-16072-get_ele-69-获取后台输入万能验证码元素，耗时0.01500082015991211...'
'2019-12-18 15:03:05,576-INFO-16072-input_text-88-获取后台输入万能验证码元素，耗时0.07300400733947754...'
'2019-12-18 15:03:05,576-INFO-16072-ele_click-91-点击元素点击后台登录按钮开始...'
'2019-12-18 15:03:05,579-INFO-16072-wait_until_visible-38-等待点击后台登录按钮元素可见，耗时0.0...'
'2019-12-18 15:03:05,580-INFO-16072-get_ele-56-获取元素点击后台登录按钮开始...'
'2019-12-18 15:03:05,595-INFO-16072-get_ele-69-获取点击后台登录按钮元素，耗时0.01500082015991211...'
'2019-12-18 15:03:05,645-INFO-16072-ele_click-106-点击点击后台登录按钮元素，耗时0.06800389289855957...'
'2019-12-18 15:03:05,645-INFO-16072-ele_click-91-点击元素点击贷款管理开始...'
'2019-12-18 15:03:05,649-INFO-16072-wait_until_visible-38-等待点击贷款管理元素可见，耗时0.0...'
'2019-12-18 15:03:05,649-INFO-16072-get_ele-56-获取元素点击贷款管理开始...'
'2019-12-18 15:03:06,595-INFO-16072-get_ele-69-获取点击贷款管理元素，耗时0.946054220199585...'
'2019-12-18 15:03:06,687-INFO-16072-ele_click-106-点击点击贷款管理元素，耗时1.0410594940185547...'
'2019-12-18 15:03:06,687-INFO-16072-switch_to_iframe-176-切换iframe切换iframe开始...'
'2019-12-18 15:03:06,691-INFO-16072-wait_until_exist-53-等待切换iframe元素存在，耗时0.0...'
'2019-12-18 15:03:06,691-INFO-16072-get_ele-56-获取元素切换iframe开始...'
'2019-12-18 15:03:06,707-INFO-16072-get_ele-69-获取切换iframe元素，耗时0.016000986099243164...'
'2019-12-18 15:03:06,734-INFO-16072-switch_to_iframe-190-切换iframe切换iframe结束，耗时0.04600262641906738...'
'2019-12-18 15:03:08,734-INFO-16072-ele_click-91-点击元素点击加标按钮开始...'
'2019-12-18 15:03:08,737-INFO-16072-wait_until_visible-38-等待点击加标按钮元素可见，耗时0.0...'
'2019-12-18 15:03:08,737-INFO-16072-get_ele-56-获取元素点击加标按钮开始...'
'2019-12-18 15:03:08,762-INFO-16072-get_ele-69-获取点击加标按钮元素，耗时0.02500128746032715...'
'2019-12-18 15:03:08,896-INFO-16072-ele_click-106-点击点击加标按钮元素，耗时0.16200947761535645...'
'2019-12-18 15:03:08,896-INFO-16072-input_text-73-输入借款人手机号输入文字13323234545开始...'
'2019-12-18 15:03:08,900-INFO-16072-wait_until_visible-38-等待输入借款人手机号元素可见，耗时0.0...'
'2019-12-18 15:03:08,900-INFO-16072-get_ele-56-获取元素输入借款人手机号开始...'
'2019-12-18 15:03:09,643-INFO-16072-get_ele-69-获取输入借款人手机号元素，耗时0.7430424690246582...'
'2019-12-18 15:03:09,826-INFO-16072-input_text-88-获取输入借款人手机号元素，耗时0.9300529956817627...'
'2019-12-18 15:03:10,327-INFO-16072-ele_click-91-点击元素选择借款人开始...'
'2019-12-18 15:03:10,330-INFO-16072-wait_until_visible-38-等待选择借款人元素可见，耗时0.0...'
'2019-12-18 15:03:10,330-INFO-16072-get_ele-56-获取元素选择借款人开始...'
'2019-12-18 15:03:10,347-INFO-16072-get_ele-69-获取选择借款人元素，耗时0.017000913619995117...'
'2019-12-18 15:03:10,472-INFO-16072-ele_click-106-点击选择借款人元素，耗时0.14500832557678223...'
'2019-12-18 15:03:10,472-INFO-16072-input_text-73-输入标的名称输入文字习凤婵89开始...'
'2019-12-18 15:03:10,475-INFO-16072-wait_until_visible-38-等待输入标的名称元素可见，耗时0.0...'
'2019-12-18 15:03:10,475-INFO-16072-get_ele-56-获取元素输入标的名称开始...'
'2019-12-18 15:03:10,492-INFO-16072-get_ele-69-获取输入标的名称元素，耗时0.017000913619995117...'
'2019-12-18 15:03:10,608-INFO-16072-input_text-88-获取输入标的名称元素，耗时0.13600778579711914...'
'2019-12-18 15:03:10,608-INFO-16072-input_text-73-输入利率/月输入文字10开始...'
'2019-12-18 15:03:10,611-INFO-16072-wait_until_visible-38-等待输入利率/月元素可见，耗时0.0...'
'2019-12-18 15:03:10,611-INFO-16072-get_ele-56-获取元素输入利率/月开始...'
'2019-12-18 15:03:10,627-INFO-16072-get_ele-69-获取输入利率/月元素，耗时0.016000986099243164...'
'2019-12-18 15:03:10,710-INFO-16072-input_text-88-获取输入利率/月元素，耗时0.1020059585571289...'
'2019-12-18 15:03:10,710-INFO-16072-input_text-73-输入期限输入文字1开始...'
'2019-12-18 15:03:10,713-INFO-16072-wait_until_visible-38-等待输入期限元素可见，耗时0.0...'
'2019-12-18 15:03:10,713-INFO-16072-get_ele-56-获取元素输入期限开始...'
'2019-12-18 15:03:10,734-INFO-16072-get_ele-69-获取输入期限元素，耗时0.021001100540161133...'
'2019-12-18 15:03:10,806-INFO-16072-input_text-88-获取输入期限元素，耗时0.09600520133972168...'
'2019-12-18 15:03:10,806-INFO-16072-input_text-73-输入贷款金额输入文字100000开始...'
'2019-12-18 15:03:10,810-INFO-16072-wait_until_visible-38-等待输入贷款金额元素可见，耗时0.0...'
'2019-12-18 15:03:10,810-INFO-16072-get_ele-56-获取元素输入贷款金额开始...'
'2019-12-18 15:03:10,827-INFO-16072-get_ele-69-获取输入贷款金额元素，耗时0.017000913619995117...'
'2019-12-18 15:03:10,939-INFO-16072-input_text-88-获取输入贷款金额元素，耗时0.13200783729553223...'
'2019-12-18 15:03:10,939-INFO-16072-input_text-73-输入竞标时长/天输入文字30开始...'
'2019-12-18 15:03:10,942-INFO-16072-wait_until_visible-38-等待输入竞标时长/天元素可见，耗时0.0...'
'2019-12-18 15:03:10,942-INFO-16072-get_ele-56-获取元素输入竞标时长/天开始...'
'2019-12-18 15:03:10,957-INFO-16072-get_ele-69-获取输入竞标时长/天元素，耗时0.01500082015991211...'
'2019-12-18 15:03:11,028-INFO-16072-input_text-88-获取输入竞标时长/天元素，耗时0.0890047550201416...'
'2019-12-18 15:03:11,029-INFO-16072-ele_click-91-点击元素点击风险测评按钮开始...'
'2019-12-18 15:03:11,032-INFO-16072-wait_until_visible-38-等待点击风险测评按钮元素可见，耗时0.0...'
'2019-12-18 15:03:11,032-INFO-16072-get_ele-56-获取元素点击风险测评按钮开始...'
'2019-12-18 15:03:11,050-INFO-16072-get_ele-69-获取点击风险测评按钮元素，耗时0.018001079559326172...'
'2019-12-18 15:03:11,158-INFO-16072-ele_click-106-点击点击风险测评按钮元素，耗时0.12900733947753906...'
'2019-12-18 15:03:11,158-INFO-16072-input_text-73-输入评估价值为1输入文字1开始...'
'2019-12-18 15:03:11,161-INFO-16072-wait_until_visible-38-等待输入评估价值为1元素可见，耗时0.0...'
'2019-12-18 15:03:11,162-INFO-16072-get_ele-56-获取元素输入评估价值为1开始...'
'2019-12-18 15:03:11,179-INFO-16072-get_ele-69-获取输入评估价值为1元素，耗时0.01700115203857422...'
'2019-12-18 15:03:11,248-INFO-16072-input_text-88-获取输入评估价值为1元素，耗时0.09000539779663086...'
'2019-12-18 15:03:11,248-INFO-16072-ele_click-91-点击元素项目录入页签点击开始...'
'2019-12-18 15:03:11,251-INFO-16072-wait_until_visible-38-等待项目录入页签点击元素可见，耗时0.0...'
'2019-12-18 15:03:11,251-INFO-16072-get_ele-56-获取元素项目录入页签点击开始...'
'2019-12-18 15:03:11,267-INFO-16072-get_ele-69-获取项目录入页签点击元素，耗时0.016000986099243164...'
'2019-12-18 15:03:11,363-INFO-16072-ele_click-106-点击项目录入页签点击元素，耗时0.1150064468383789...'
'2019-12-18 15:03:11,364-INFO-16072-input_text-73-输入籍贯输入文字中国开始...'
'2019-12-18 15:03:11,367-INFO-16072-wait_until_visible-38-等待输入籍贯元素可见，耗时0.0...'
'2019-12-18 15:03:11,367-INFO-16072-get_ele-56-获取元素输入籍贯开始...'
'2019-12-18 15:03:11,387-INFO-16072-get_ele-69-获取输入籍贯元素，耗时0.019001245498657227...'
'2019-12-18 15:03:11,463-INFO-16072-input_text-88-获取输入籍贯元素，耗时0.09900546073913574...'
'2019-12-18 15:03:11,463-INFO-16072-input_text-73-输入职业输入文字老赖开始...'
'2019-12-18 15:03:11,466-INFO-16072-wait_until_visible-38-等待输入职业元素可见，耗时0.0...'
'2019-12-18 15:03:11,466-INFO-16072-get_ele-56-获取元素输入职业开始...'
'2019-12-18 15:03:11,482-INFO-16072-get_ele-69-获取输入职业元素，耗时0.016000747680664062...'
'2019-12-18 15:03:11,561-INFO-16072-input_text-88-获取输入职业元素，耗时0.09800577163696289...'
'2019-12-18 15:03:11,561-INFO-16072-input_text-73-输入年龄输入文字18开始...'
'2019-12-18 15:03:11,564-INFO-16072-wait_until_visible-38-等待输入年龄元素可见，耗时0.0...'
'2019-12-18 15:03:11,564-INFO-16072-get_ele-56-获取元素输入年龄开始...'
'2019-12-18 15:03:11,581-INFO-16072-get_ele-69-获取输入年龄元素，耗时0.017000913619995117...'
'2019-12-18 15:03:11,663-INFO-16072-input_text-88-获取输入年龄元素，耗时0.1020057201385498...'
'2019-12-18 15:03:11,663-INFO-16072-ele_click-91-点击元素提交新建标的开始...'
'2019-12-18 15:03:11,667-INFO-16072-wait_until_visible-38-等待提交新建标的元素可见，耗时0.0...'
'2019-12-18 15:03:11,667-INFO-16072-get_ele-56-获取元素提交新建标的开始...'
'2019-12-18 15:03:11,684-INFO-16072-get_ele-69-获取提交新建标的元素，耗时0.017000913619995117...'
'2019-12-18 15:03:11,779-INFO-16072-ele_click-106-点击提交新建标的元素，耗时0.11600661277770996...'
'2019-12-18 15:03:13,780-INFO-16072-ele_click-91-点击元素点击最新一条标的开始...'
'2019-12-18 15:03:13,783-INFO-16072-wait_until_visible-38-等待点击最新一条标的元素可见，耗时0.0...'
'2019-12-18 15:03:13,783-INFO-16072-get_ele-56-获取元素点击最新一条标的开始...'
'2019-12-18 15:03:13,800-INFO-16072-get_ele-69-获取点击最新一条标的元素，耗时0.017000913619995117...'
'2019-12-18 15:03:13,895-INFO-16072-ele_click-106-点击点击最新一条标的元素，耗时0.1150064468383789...'
'2019-12-18 15:03:13,895-INFO-16072-ele_click-91-点击元素点击审核开始...'
'2019-12-18 15:03:13,899-INFO-16072-wait_until_visible-38-等待点击审核元素可见，耗时0.0...'
'2019-12-18 15:03:13,899-INFO-16072-get_ele-56-获取元素点击审核开始...'
'2019-12-18 15:03:13,917-INFO-16072-get_ele-69-获取点击审核元素，耗时0.018001317977905273...'
'2019-12-18 15:03:14,023-INFO-16072-ele_click-106-点击点击审核元素，耗时0.12700724601745605...'
'2019-12-18 15:03:14,023-INFO-16072-ele_click-91-点击元素审核通过开始...'
'2019-12-18 15:03:14,026-INFO-16072-wait_until_visible-38-等待审核通过元素可见，耗时0.0...'
'2019-12-18 15:03:14,027-INFO-16072-get_ele-56-获取元素审核通过开始...'
'2019-12-18 15:03:14,505-INFO-16072-get_ele-69-获取审核通过元素，耗时0.47802734375...'
'2019-12-18 15:03:14,625-INFO-16072-ele_click-106-点击审核通过元素，耗时0.602034330368042...'
'2019-12-18 15:03:16,625-INFO-16072-ele_click-91-点击元素点击最新一条标的开始...'
'2019-12-18 15:03:16,628-INFO-16072-wait_until_visible-38-等待点击最新一条标的元素可见，耗时0.0...'
'2019-12-18 15:03:16,628-INFO-16072-get_ele-56-获取元素点击最新一条标的开始...'
'2019-12-18 15:03:16,642-INFO-16072-get_ele-69-获取点击最新一条标的元素，耗时0.014000892639160156...'
'2019-12-18 15:03:16,764-INFO-16072-ele_click-106-点击点击最新一条标的元素，耗时0.1390080451965332...'
'2019-12-18 15:03:16,764-INFO-16072-ele_click-91-点击元素点击审核开始...'
'2019-12-18 15:03:16,768-INFO-16072-wait_until_visible-38-等待点击审核元素可见，耗时0.0...'
'2019-12-18 15:03:16,768-INFO-16072-get_ele-56-获取元素点击审核开始...'
'2019-12-18 15:03:16,787-INFO-16072-get_ele-69-获取点击审核元素，耗时0.019001483917236328...'
'2019-12-18 15:03:17,547-INFO-16072-ele_click-106-点击点击审核元素，耗时0.7830445766448975...'
'2019-12-18 15:03:17,547-INFO-16072-ele_click-91-点击元素审核通过开始...'
'2019-12-18 15:03:17,550-INFO-16072-wait_until_visible-38-等待审核通过元素可见，耗时0.0...'
'2019-12-18 15:03:17,550-INFO-16072-get_ele-56-获取元素审核通过开始...'
'2019-12-18 15:03:17,628-INFO-16072-get_ele-69-获取审核通过元素，耗时0.07700443267822266...'
'2019-12-18 15:03:17,755-INFO-16072-ele_click-106-点击审核通过元素，耗时0.20801210403442383...'
'2019-12-18 15:03:19,755-INFO-16072-ele_click-91-点击元素点击最新一条标的开始...'
'2019-12-18 15:03:19,758-INFO-16072-wait_until_visible-38-等待点击最新一条标的元素可见，耗时0.0...'
'2019-12-18 15:03:19,758-INFO-16072-get_ele-56-获取元素点击最新一条标的开始...'
'2019-12-18 15:03:19,773-INFO-16072-get_ele-69-获取点击最新一条标的元素，耗时0.01500082015991211...'
'2019-12-18 15:03:19,877-INFO-16072-ele_click-106-点击点击最新一条标的元素，耗时0.12200689315795898...'
'2019-12-18 15:03:19,877-INFO-16072-ele_click-91-点击元素点击审核开始...'
'2019-12-18 15:03:19,880-INFO-16072-wait_until_visible-38-等待点击审核元素可见，耗时0.0...'
'2019-12-18 15:03:19,880-INFO-16072-get_ele-56-获取元素点击审核开始...'
'2019-12-18 15:03:19,897-INFO-16072-get_ele-69-获取点击审核元素，耗时0.017000913619995117...'
'2019-12-18 15:03:20,026-INFO-16072-ele_click-106-点击点击审核元素，耗时0.14900851249694824...'
'2019-12-18 15:03:20,027-INFO-16072-ele_click-91-点击元素审核通过开始...'
'2019-12-18 15:03:20,030-INFO-16072-wait_until_visible-38-等待审核通过元素可见，耗时0.0...'
'2019-12-18 15:03:20,030-INFO-16072-get_ele-56-获取元素审核通过开始...'
'2019-12-18 15:03:20,589-INFO-16072-get_ele-69-获取审核通过元素，耗时0.5590322017669678...'
'2019-12-18 15:03:20,702-INFO-16072-ele_click-106-点击审核通过元素，耗时0.6750388145446777...'
'2019-12-18 15:03:22,840-INFO-16072-init_driver-16-前置initdriver开始...'
'2019-12-18 15:03:26,813-INFO-16072-init_driver-21-前置initdriver结束...'
'2019-12-18 15:03:26,813-INFO-16072-init_login-31-前置init_login开始...'
'2019-12-18 15:03:28,228-INFO-16072-input_text-73-登录页面输入用户名输入文字18684720553开始...'
'2019-12-18 15:03:28,231-INFO-16072-wait_until_visible-38-等待登录页面输入用户名元素可见，耗时0.0...'
'2019-12-18 15:03:28,232-INFO-16072-get_ele-56-获取元素登录页面输入用户名开始...'
'2019-12-18 15:03:28,255-INFO-16072-get_ele-69-获取登录页面输入用户名元素，耗时0.023001432418823242...'
'2019-12-18 15:03:28,366-INFO-16072-input_text-88-获取登录页面输入用户名元素，耗时0.1370077133178711...'
'2019-12-18 15:03:28,367-INFO-16072-input_text-73-登录页面输入密码输入文字python开始...'
'2019-12-18 15:03:28,370-INFO-16072-wait_until_visible-38-等待登录页面输入密码元素可见，耗时0.0...'
'2019-12-18 15:03:28,370-INFO-16072-get_ele-56-获取元素登录页面输入密码开始...'
'2019-12-18 15:03:28,385-INFO-16072-get_ele-69-获取登录页面输入密码元素，耗时0.01500082015991211...'
'2019-12-18 15:03:28,457-INFO-16072-input_text-88-获取登录页面输入密码元素，耗时0.09000492095947266...'
'2019-12-18 15:03:28,458-INFO-16072-ele_click-91-点击元素点击登录按钮开始...'
'2019-12-18 15:03:28,461-INFO-16072-wait_until_visible-38-等待点击登录按钮元素可见，耗时0.0...'
'2019-12-18 15:03:28,461-INFO-16072-get_ele-56-获取元素点击登录按钮开始...'
'2019-12-18 15:03:28,476-INFO-16072-get_ele-69-获取点击登录按钮元素，耗时0.01500082015991211...'
'2019-12-18 15:03:28,548-INFO-16072-ele_click-106-点击点击登录按钮元素，耗时0.09000539779663086...'
'2019-12-18 15:03:28,548-INFO-16072-init_login-33-后置init_login结束...'
'2019-12-18 15:03:30,557-INFO-16072-get_text-110-获取获取首页的标的余额元素txt开始...'
'2019-12-18 15:03:30,560-INFO-16072-wait_until_visible-38-等待获取首页的标的余额元素可见，耗时0.0...'
'2019-12-18 15:03:30,560-INFO-16072-get_ele-56-获取元素获取首页的标的余额开始...'
'2019-12-18 15:03:30,705-INFO-16072-get_ele-69-获取获取首页的标的余额元素，耗时0.14500856399536133...'
'2019-12-18 15:03:30,706-ERROR-16072-get_text-119-Traceback (most recent call last):
  File "D:\eclipse\selenium_learn\futurn_loan\common\basepage.py", line 116, in get_text
    text = ele.text
AttributeError: 'NoneType' object has no attribute 'text'
'
'2019-12-18 15:03:30,706-INFO-16072-screenshot_save-218-保存截图获取首页的标的余额2019-12-18_15H-03M-30S.png...'
'2019-12-18 15:03:30,708-ERROR-16072-screenshot_save-222-保存截图获取首页的标的余额2019-12-18_15H-03M-30S.png报错...'
Traceback (most recent call last):
  File "D:\eclipse\selenium_learn\futurn_loan\common\basepage.py", line 116, in get_text
    text = ele.text
AttributeError: 'NoneType' object has no attribute 'text'

During handling of the above exception, another exception occurred:

Traceback (most recent call last):
  File "D:\eclipse\selenium_learn\futurn_loan\common\basepage.py", line 219, in screenshot_save
    self.driver.save_screenshot(img_file_path)
  File "D:\python\lib\site-packages\selenium\webdriver\remote\webdriver.py", line 1055, in save_screenshot
    return self.get_screenshot_as_file(filename)
  File "D:\python\lib\site-packages\selenium\webdriver\remote\webdriver.py", line 1032, in get_screenshot_as_file
    png = self.get_screenshot_as_png()
  File "D:\python\lib\site-packages\selenium\webdriver\remote\webdriver.py", line 1064, in get_screenshot_as_png
    return base64.b64decode(self.get_screenshot_as_base64().encode('ascii'))
  File "D:\python\lib\site-packages\selenium\webdriver\remote\webdriver.py", line 1074, in get_screenshot_as_base64
    return self.execute(Command.SCREENSHOT)['value']
  File "D:\python\lib\site-packages\selenium\webdriver\remote\webdriver.py", line 321, in execute
    self.error_handler.check_response(response)
  File "D:\python\lib\site-packages\selenium\webdriver\remote\errorhandler.py", line 242, in check_response
    raise exception_class(message, screen, stacktrace)
selenium.common.exceptions.NoSuchWindowException: Message: no such window: target window already closed
from unknown error: web view not found
  (Session info: chrome=79.0.3945.79)

'2019-12-18 15:03:30,728-INFO-16072-init_driver-24-后置initdriver开始...'
'2019-12-18 15:03:30,728-INFO-16072-init_driver-27-后置initdriver结束...'
'2019-12-18 15:03:30,729-INFO-16072-build_bid-28-session级别前置build_bid结束...'
